0 verbose cli /usr/bin/node /usr/bin/npm
1 info using npm@10.2.3
2 info using node@v18.19.0
3 timing npm:load:whichnode Completed in 10ms
4 timing config:load:defaults Completed in 2ms
5 timing config:load:file:/usr/lib/node_modules/npm/npmrc Completed in 5ms
6 timing config:load:builtin Completed in 5ms
7 timing config:load:cli Completed in 2ms
8 timing config:load:env Completed in 0ms
9 timing config:load:file:/root/agax_b/.npmrc Completed in 1ms
10 timing config:load:project Completed in 2ms
11 timing config:load:file:/root/.npmrc Completed in 0ms
12 timing config:load:user Completed in 0ms
13 timing config:load:file:/usr/etc/npmrc Completed in 0ms
14 timing config:load:global Completed in 0ms
15 timing config:load:setEnvs Completed in 1ms
16 timing config:load Completed in 12ms
17 timing npm:load:configload Completed in 12ms
18 timing config:load:flatten Completed in 2ms
19 timing npm:load:mkdirpcache Completed in 0ms
20 timing npm:load:mkdirplogs Completed in 0ms
21 verbose title npm i
22 verbose argv "i"
23 timing npm:load:setTitle Completed in 1ms
24 timing npm:load:display Completed in 1ms
25 verbose logfile logs-max:10 dir:/root/.npm/_logs/2024-01-29T08_30_32_267Z-
26 verbose logfile /root/.npm/_logs/2024-01-29T08_30_32_267Z-debug-0.log
27 timing npm:load:logFile Completed in 6ms
28 timing npm:load:timers Completed in 0ms
29 timing npm:load:configScope Completed in 0ms
30 timing npm:load Completed in 43ms
31 timing arborist:ctor Completed in 0ms
32 silly logfile done cleaning log files
33 timing idealTree:init Completed in 107ms
34 timing idealTree:userRequests Completed in 0ms
35 silly idealTree buildDeps
36 timing idealTree:#root Completed in 0ms
37 timing idealTree:buildDeps Completed in 1ms
38 timing idealTree:fixDepFlags Completed in 0ms
39 timing idealTree Completed in 112ms
40 timing reify:loadTrees Completed in 132ms
41 timing reify:diffTrees Completed in 6ms
42 silly reify moves {}
43 timing reify:retireShallow Completed in 1ms
44 timing reify:createSparse Completed in 26ms
45 timing reify:loadBundles Completed in 0ms
46 silly audit bulk request {
46 silly audit   '@mapbox/node-pre-gyp': [ '1.0.10' ],
46 silly audit   nopt: [ '5.0.0', '1.0.10' ],
46 silly audit   '@types/debug': [ '4.1.7' ],
46 silly audit   '@types/ms': [ '0.7.31' ],
46 silly audit   '@types/node': [ '18.15.3' ],
46 silly audit   '@types/validator': [ '13.7.14' ],
46 silly audit   abbrev: [ '1.1.1' ],
46 silly audit   accepts: [ '1.3.8' ],
46 silly audit   'agent-base': [ '6.0.2' ],
46 silly audit   debug: [ '4.3.4', '2.6.9', '3.2.7' ],
46 silly audit   ms: [ '2.1.2', '2.1.3', '2.0.0' ],
46 silly audit   'ansi-regex': [ '5.0.1' ],
46 silly audit   anymatch: [ '3.1.3' ],
46 silly audit   aproba: [ '2.0.0' ],
46 silly audit   'are-we-there-yet': [ '2.0.0' ],
46 silly audit   'array-flatten': [ '1.1.1' ],
46 silly audit   'balanced-match': [ '1.0.2' ],
46 silly audit   bcrypt: [ '5.1.0' ],
46 silly audit   'binary-extensions': [ '2.2.0' ],
46 silly audit   'body-parser': [ '1.20.1' ],
46 silly audit   'brace-expansion': [ '1.1.11' ],
46 silly audit   braces: [ '3.0.2' ],
46 silly audit   'buffer-equal-constant-time': [ '1.0.1' ],
46 silly audit   'buffer-writer': [ '2.0.0' ],
46 silly audit   busboy: [ '1.6.0' ],
46 silly audit   bytes: [ '3.1.2' ],
46 silly audit   'call-bind': [ '1.0.2' ],
46 silly audit   chokidar: [ '3.5.3' ],
46 silly audit   chownr: [ '2.0.0' ],
46 silly audit   'color-support': [ '1.1.3' ],
46 silly audit   'concat-map': [ '0.0.1' ],
46 silly audit   'console-control-strings': [ '1.1.0' ],
46 silly audit   'content-disposition': [ '0.5.4' ],
46 silly audit   'content-type': [ '1.0.5' ],
46 silly audit   cookie: [ '0.5.0' ],
46 silly audit   'cookie-signature': [ '1.0.6' ],
46 silly audit   cors: [ '2.8.5' ],
46 silly audit   delegates: [ '1.0.0' ],
46 silly audit   depd: [ '2.0.0' ],
46 silly audit   destroy: [ '1.2.0' ],
46 silly audit   'detect-libc': [ '2.0.1' ],
46 silly audit   dotenv: [ '16.0.3' ],
46 silly audit   dottie: [ '2.0.3' ],
46 silly audit   'ecdsa-sig-formatter': [ '1.0.11' ],
46 silly audit   'ee-first': [ '1.1.1' ],
46 silly audit   'emoji-regex': [ '8.0.0' ],
46 silly audit   encodeurl: [ '1.0.2' ],
46 silly audit   'escape-html': [ '1.0.3' ],
46 silly audit   etag: [ '1.8.1' ],
46 silly audit   express: [ '4.18.2' ],
46 silly audit   'express-fileupload': [ '1.4.0' ],
46 silly audit   'fill-range': [ '7.0.1' ],
46 silly audit   finalhandler: [ '1.2.0' ],
46 silly audit   forwarded: [ '0.2.0' ],
46 silly audit   fresh: [ '0.5.2' ],
46 silly audit   'fs-minipass': [ '2.1.0' ],
46 silly audit   minipass: [ '3.3.6', '4.2.5' ],
46 silly audit   'fs.realpath': [ '1.0.0' ],
46 silly audit   fsevents: [ '2.3.2' ],
46 silly audit   'function-bind': [ '1.1.1' ],
46 silly audit   gauge: [ '3.0.2' ],
46 silly audit   'get-intrinsic': [ '1.2.0' ],
46 silly audit   glob: [ '7.2.3' ],
46 silly audit   'glob-parent': [ '5.1.2' ],
46 silly audit   has: [ '1.0.3' ],
46 silly audit   'has-flag': [ '3.0.0' ],
46 silly audit   'has-symbols': [ '1.0.3' ],
46 silly audit   'has-unicode': [ '2.0.1' ],
46 silly audit   'http-errors': [ '2.0.0' ],
46 silly audit   https: [ '1.0.0' ],
46 silly audit   'https-proxy-agent': [ '5.0.1' ],
46 silly audit   'iconv-lite': [ '0.4.24' ],
46 silly audit   'ignore-by-default': [ '1.0.1' ],
46 silly audit   inflection: [ '1.13.4' ],
46 silly audit   inflight: [ '1.0.6' ],
46 silly audit   inherits: [ '2.0.4' ],
46 silly audit   'ipaddr.js': [ '1.9.1' ],
46 silly audit   'is-binary-path': [ '2.1.0' ],
46 silly audit   'is-extglob': [ '2.1.1' ],
46 silly audit   'is-fullwidth-code-point': [ '3.0.0' ],
46 silly audit   'is-glob': [ '4.0.3' ],
46 silly audit   'is-number': [ '7.0.0' ],
46 silly audit   jsonwebtoken: [ '9.0.0' ],
46 silly audit   jwa: [ '1.4.1' ],
46 silly audit   jws: [ '3.2.2' ],
46 silly audit   lodash: [ '4.17.21' ],
46 silly audit   'lru-cache': [ '6.0.0' ],
46 silly audit   'make-dir': [ '3.1.0' ],
46 silly audit   semver: [ '6.3.0', '5.7.1', '7.3.8', '7.0.0' ],
46 silly audit   'media-typer': [ '0.3.0' ],
46 silly audit   'merge-descriptors': [ '1.0.1' ],
46 silly audit   methods: [ '1.1.2' ],
46 silly audit   mime: [ '1.6.0' ],
46 silly audit   'mime-db': [ '1.52.0' ],
46 silly audit   'mime-types': [ '2.1.35' ],
46 silly audit   minimatch: [ '3.1.2' ],
46 silly audit   minizlib: [ '2.1.2' ],
46 silly audit   mkdirp: [ '1.0.4' ],
46 silly audit   moment: [ '2.29.4' ],
46 silly audit   'moment-timezone': [ '0.5.41' ],
46 silly audit   negotiator: [ '0.6.3' ],
46 silly audit   'node-addon-api': [ '5.1.0' ],
46 silly audit   'node-fetch': [ '2.6.9' ],
46 silly audit   nodemailer: [ '6.9.3' ],
46 silly audit   nodemon: [ '2.0.21' ],
46 silly audit   'normalize-path': [ '3.0.0' ],
46 silly audit   npmlog: [ '5.0.1' ],
46 silly audit   'object-assign': [ '4.1.1' ],
46 silly audit   'object-inspect': [ '1.12.3' ],
46 silly audit   'on-finished': [ '2.4.1' ],
46 silly audit   once: [ '1.4.0' ],
46 silly audit   'packet-reader': [ '1.0.0' ],
46 silly audit   parseurl: [ '1.3.3' ],
46 silly audit   'path-is-absolute': [ '1.0.1' ],
46 silly audit   'path-to-regexp': [ '0.1.7' ],
46 silly audit   pg: [ '8.10.0' ],
46 silly audit   'pg-connection-string': [ '2.5.0' ],
46 silly audit   'pg-hstore': [ '2.3.4' ],
46 silly audit   'pg-int8': [ '1.0.1' ],
46 silly audit   'pg-pool': [ '3.6.0' ],
46 silly audit   'pg-protocol': [ '1.6.0' ],
46 silly audit   'pg-types': [ '2.2.0' ],
46 silly audit   pgpass: [ '1.0.5' ],
46 silly audit   picomatch: [ '2.3.1' ],
46 silly audit   'postgres-array': [ '2.0.0' ],
46 silly audit   'postgres-bytea': [ '1.0.0' ],
46 silly audit   'postgres-date': [ '1.0.7' ],
46 silly audit   'postgres-interval': [ '1.2.0' ],
46 silly audit   'proxy-addr': [ '2.0.7' ],
46 silly audit   'pstree.remy': [ '1.1.8' ],
46 silly audit   qs: [ '6.11.0' ],
46 silly audit   'range-parser': [ '1.2.1' ],
46 silly audit   'raw-body': [ '2.5.1' ],
46 silly audit   'readable-stream': [ '3.6.2' ],
46 silly audit   readdirp: [ '3.6.0' ],
46 silly audit   'retry-as-promised': [ '7.0.4' ],
46 silly audit   rimraf: [ '3.0.2' ],
46 silly audit   'safe-buffer': [ '5.2.1' ],
46 silly audit   'safer-buffer': [ '2.1.2' ],
46 silly audit   send: [ '0.18.0' ],
46 silly audit   sequelize: [ '6.29.3' ],
46 silly audit   'sequelize-pool': [ '7.1.0' ],
46 silly audit   uuid: [ '8.3.2', '9.0.0' ],
46 silly audit   'serve-static': [ '1.15.0' ],
46 silly audit   'set-blocking': [ '2.0.0' ],
46 silly audit   setprototypeof: [ '1.2.0' ],
46 silly audit   'side-channel': [ '1.0.4' ],
46 silly audit   'signal-exit': [ '3.0.7' ],
46 silly audit   'simple-update-notifier': [ '1.1.0' ],
46 silly audit   split2: [ '4.1.0' ],
46 silly audit   statuses: [ '2.0.1' ],
46 silly audit   streamsearch: [ '1.1.0' ],
46 silly audit   string_decoder: [ '1.3.0' ],
46 silly audit   'string-width': [ '4.2.3' ],
46 silly audit   'strip-ansi': [ '6.0.1' ],
46 silly audit   'supports-color': [ '5.5.0' ],
46 silly audit   tar: [ '6.1.13' ],
46 silly audit   'to-regex-range': [ '5.0.1' ],
46 silly audit   toidentifier: [ '1.0.1' ],
46 silly audit   'toposort-class': [ '1.0.1' ],
46 silly audit   touch: [ '3.1.0' ],
46 silly audit   tr46: [ '0.0.3' ],
46 silly audit   'type-is': [ '1.6.18' ],
46 silly audit   undefsafe: [ '2.0.5' ],
46 silly audit   underscore: [ '1.13.6' ],
46 silly audit   unpipe: [ '1.0.0' ],
46 silly audit   'util-deprecate': [ '1.0.2' ],
46 silly audit   'utils-merge': [ '1.0.1' ],
46 silly audit   validator: [ '13.9.0' ],
46 silly audit   vary: [ '1.1.2' ],
46 silly audit   'webidl-conversions': [ '3.0.1' ],
46 silly audit   'whatwg-url': [ '5.0.0' ],
46 silly audit   'wide-align': [ '1.1.5' ],
46 silly audit   wkx: [ '0.5.0' ],
46 silly audit   wrappy: [ '1.0.2' ],
46 silly audit   xtend: [ '4.0.2' ],
46 silly audit   yallist: [ '4.0.0' ]
46 silly audit }
47 verbose reify failed optional dependency /root/agax_b/node_modules/fsevents
48 silly reify mark deleted [ '/root/agax_b/node_modules/fsevents' ]
49 timing reifyNode:node_modules/fsevents Completed in 42ms
50 silly tarball no local data for yallist@https://registry.npmjs.org/yallist/-/yallist-4.0.0.tgz. Extracting by manifest.
51 silly tarball no local data for xtend@https://registry.npmjs.org/xtend/-/xtend-4.0.2.tgz. Extracting by manifest.
52 silly tarball no local data for wrappy@https://registry.npmjs.org/wrappy/-/wrappy-1.0.2.tgz. Extracting by manifest.
53 silly tarball no local data for wkx@https://registry.npmjs.org/wkx/-/wkx-0.5.0.tgz. Extracting by manifest.
54 silly tarball no local data for wide-align@https://registry.npmjs.org/wide-align/-/wide-align-1.1.5.tgz. Extracting by manifest.
55 silly tarball no local data for whatwg-url@https://registry.npmjs.org/whatwg-url/-/whatwg-url-5.0.0.tgz. Extracting by manifest.
56 silly tarball no local data for webidl-conversions@https://registry.npmjs.org/webidl-conversions/-/webidl-conversions-3.0.1.tgz. Extracting by manifest.
57 silly tarball no local data for vary@https://registry.npmjs.org/vary/-/vary-1.1.2.tgz. Extracting by manifest.
58 silly tarball no local data for validator@https://registry.npmjs.org/validator/-/validator-13.9.0.tgz. Extracting by manifest.
59 silly tarball no local data for uuid@https://registry.npmjs.org/uuid/-/uuid-9.0.0.tgz. Extracting by manifest.
60 silly tarball no local data for utils-merge@https://registry.npmjs.org/utils-merge/-/utils-merge-1.0.1.tgz. Extracting by manifest.
61 silly tarball no local data for util-deprecate@https://registry.npmjs.org/util-deprecate/-/util-deprecate-1.0.2.tgz. Extracting by manifest.
62 silly tarball no local data for unpipe@https://registry.npmjs.org/unpipe/-/unpipe-1.0.0.tgz. Extracting by manifest.
63 silly tarball no local data for underscore@https://registry.npmjs.org/underscore/-/underscore-1.13.6.tgz. Extracting by manifest.
64 silly tarball no local data for undefsafe@https://registry.npmjs.org/undefsafe/-/undefsafe-2.0.5.tgz. Extracting by manifest.
65 silly tarball no local data for type-is@https://registry.npmjs.org/type-is/-/type-is-1.6.18.tgz. Extracting by manifest.
66 silly tarball no local data for tr46@https://registry.npmjs.org/tr46/-/tr46-0.0.3.tgz. Extracting by manifest.
67 silly tarball no local data for touch@https://registry.npmjs.org/touch/-/touch-3.1.0.tgz. Extracting by manifest.
68 silly tarball no local data for toposort-class@https://registry.npmjs.org/toposort-class/-/toposort-class-1.0.1.tgz. Extracting by manifest.
69 silly tarball no local data for toidentifier@https://registry.npmjs.org/toidentifier/-/toidentifier-1.0.1.tgz. Extracting by manifest.
70 silly tarball no local data for to-regex-range@https://registry.npmjs.org/to-regex-range/-/to-regex-range-5.0.1.tgz. Extracting by manifest.
71 silly tarball no local data for tar@https://registry.npmjs.org/tar/-/tar-6.1.13.tgz. Extracting by manifest.
72 silly tarball no local data for supports-color@https://registry.npmjs.org/supports-color/-/supports-color-5.5.0.tgz. Extracting by manifest.
73 silly tarball no local data for strip-ansi@https://registry.npmjs.org/strip-ansi/-/strip-ansi-6.0.1.tgz. Extracting by manifest.
74 silly tarball no local data for string-width@https://registry.npmjs.org/string-width/-/string-width-4.2.3.tgz. Extracting by manifest.
75 silly tarball no local data for string_decoder@https://registry.npmjs.org/string_decoder/-/string_decoder-1.3.0.tgz. Extracting by manifest.
76 silly tarball no local data for streamsearch@https://registry.npmjs.org/streamsearch/-/streamsearch-1.1.0.tgz. Extracting by manifest.
77 silly tarball no local data for statuses@https://registry.npmjs.org/statuses/-/statuses-2.0.1.tgz. Extracting by manifest.
78 silly tarball no local data for split2@https://registry.npmjs.org/split2/-/split2-4.1.0.tgz. Extracting by manifest.
79 silly tarball no local data for simple-update-notifier@https://registry.npmjs.org/simple-update-notifier/-/simple-update-notifier-1.1.0.tgz. Extracting by manifest.
80 silly tarball no local data for signal-exit@https://registry.npmjs.org/signal-exit/-/signal-exit-3.0.7.tgz. Extracting by manifest.
81 silly tarball no local data for side-channel@https://registry.npmjs.org/side-channel/-/side-channel-1.0.4.tgz. Extracting by manifest.
82 silly tarball no local data for setprototypeof@https://registry.npmjs.org/setprototypeof/-/setprototypeof-1.2.0.tgz. Extracting by manifest.
83 silly tarball no local data for set-blocking@https://registry.npmjs.org/set-blocking/-/set-blocking-2.0.0.tgz. Extracting by manifest.
84 silly tarball no local data for serve-static@https://registry.npmjs.org/serve-static/-/serve-static-1.15.0.tgz. Extracting by manifest.
85 silly tarball no local data for sequelize-pool@https://registry.npmjs.org/sequelize-pool/-/sequelize-pool-7.1.0.tgz. Extracting by manifest.
86 silly tarball no local data for sequelize@https://registry.npmjs.org/sequelize/-/sequelize-6.29.3.tgz. Extracting by manifest.
87 silly tarball no local data for send@https://registry.npmjs.org/send/-/send-0.18.0.tgz. Extracting by manifest.
88 silly tarball no local data for semver@https://registry.npmjs.org/semver/-/semver-7.3.8.tgz. Extracting by manifest.
89 silly tarball no local data for safer-buffer@https://registry.npmjs.org/safer-buffer/-/safer-buffer-2.1.2.tgz. Extracting by manifest.
90 silly tarball no local data for safe-buffer@https://registry.npmjs.org/safe-buffer/-/safe-buffer-5.2.1.tgz. Extracting by manifest.
91 silly tarball no local data for rimraf@https://registry.npmjs.org/rimraf/-/rimraf-3.0.2.tgz. Extracting by manifest.
92 silly tarball no local data for retry-as-promised@https://registry.npmjs.org/retry-as-promised/-/retry-as-promised-7.0.4.tgz. Extracting by manifest.
93 silly tarball no local data for readdirp@https://registry.npmjs.org/readdirp/-/readdirp-3.6.0.tgz. Extracting by manifest.
94 silly tarball no local data for readable-stream@https://registry.npmjs.org/readable-stream/-/readable-stream-3.6.2.tgz. Extracting by manifest.
95 silly tarball no local data for raw-body@https://registry.npmjs.org/raw-body/-/raw-body-2.5.1.tgz. Extracting by manifest.
96 silly tarball no local data for range-parser@https://registry.npmjs.org/range-parser/-/range-parser-1.2.1.tgz. Extracting by manifest.
97 silly tarball no local data for qs@https://registry.npmjs.org/qs/-/qs-6.11.0.tgz. Extracting by manifest.
98 silly tarball no local data for pstree.remy@https://registry.npmjs.org/pstree.remy/-/pstree.remy-1.1.8.tgz. Extracting by manifest.
99 silly tarball no local data for proxy-addr@https://registry.npmjs.org/proxy-addr/-/proxy-addr-2.0.7.tgz. Extracting by manifest.
100 silly tarball no local data for postgres-interval@https://registry.npmjs.org/postgres-interval/-/postgres-interval-1.2.0.tgz. Extracting by manifest.
101 silly tarball no local data for postgres-date@https://registry.npmjs.org/postgres-date/-/postgres-date-1.0.7.tgz. Extracting by manifest.
102 silly tarball no local data for postgres-bytea@https://registry.npmjs.org/postgres-bytea/-/postgres-bytea-1.0.0.tgz. Extracting by manifest.
103 silly tarball no local data for postgres-array@https://registry.npmjs.org/postgres-array/-/postgres-array-2.0.0.tgz. Extracting by manifest.
104 silly tarball no local data for picomatch@https://registry.npmjs.org/picomatch/-/picomatch-2.3.1.tgz. Extracting by manifest.
105 silly tarball no local data for pgpass@https://registry.npmjs.org/pgpass/-/pgpass-1.0.5.tgz. Extracting by manifest.
106 silly tarball no local data for pg-types@https://registry.npmjs.org/pg-types/-/pg-types-2.2.0.tgz. Extracting by manifest.
107 silly tarball no local data for pg-protocol@https://registry.npmjs.org/pg-protocol/-/pg-protocol-1.6.0.tgz. Extracting by manifest.
108 silly tarball no local data for pg-pool@https://registry.npmjs.org/pg-pool/-/pg-pool-3.6.0.tgz. Extracting by manifest.
109 silly tarball no local data for pg-int8@https://registry.npmjs.org/pg-int8/-/pg-int8-1.0.1.tgz. Extracting by manifest.
110 silly tarball no local data for pg-hstore@https://registry.npmjs.org/pg-hstore/-/pg-hstore-2.3.4.tgz. Extracting by manifest.
111 silly tarball no local data for pg-connection-string@https://registry.npmjs.org/pg-connection-string/-/pg-connection-string-2.5.0.tgz. Extracting by manifest.
112 silly tarball no local data for pg@https://registry.npmjs.org/pg/-/pg-8.10.0.tgz. Extracting by manifest.
113 silly tarball no local data for path-to-regexp@https://registry.npmjs.org/path-to-regexp/-/path-to-regexp-0.1.7.tgz. Extracting by manifest.
114 silly tarball no local data for path-is-absolute@https://registry.npmjs.org/path-is-absolute/-/path-is-absolute-1.0.1.tgz. Extracting by manifest.
115 silly tarball no local data for parseurl@https://registry.npmjs.org/parseurl/-/parseurl-1.3.3.tgz. Extracting by manifest.
116 silly tarball no local data for packet-reader@https://registry.npmjs.org/packet-reader/-/packet-reader-1.0.0.tgz. Extracting by manifest.
117 silly tarball no local data for once@https://registry.npmjs.org/once/-/once-1.4.0.tgz. Extracting by manifest.
118 silly tarball no local data for on-finished@https://registry.npmjs.org/on-finished/-/on-finished-2.4.1.tgz. Extracting by manifest.
119 silly tarball no local data for object-inspect@https://registry.npmjs.org/object-inspect/-/object-inspect-1.12.3.tgz. Extracting by manifest.
120 silly tarball no local data for object-assign@https://registry.npmjs.org/object-assign/-/object-assign-4.1.1.tgz. Extracting by manifest.
121 silly tarball no local data for npmlog@https://registry.npmjs.org/npmlog/-/npmlog-5.0.1.tgz. Extracting by manifest.
122 silly tarball no local data for normalize-path@https://registry.npmjs.org/normalize-path/-/normalize-path-3.0.0.tgz. Extracting by manifest.
123 silly tarball no local data for nopt@https://registry.npmjs.org/nopt/-/nopt-1.0.10.tgz. Extracting by manifest.
124 silly tarball no local data for nodemon@https://registry.npmjs.org/nodemon/-/nodemon-2.0.21.tgz. Extracting by manifest.
125 silly tarball no local data for nodemailer@https://registry.npmjs.org/nodemailer/-/nodemailer-6.9.3.tgz. Extracting by manifest.
126 silly tarball no local data for node-fetch@https://registry.npmjs.org/node-fetch/-/node-fetch-2.6.9.tgz. Extracting by manifest.
127 silly tarball no local data for node-addon-api@https://registry.npmjs.org/node-addon-api/-/node-addon-api-5.1.0.tgz. Extracting by manifest.
128 silly tarball no local data for negotiator@https://registry.npmjs.org/negotiator/-/negotiator-0.6.3.tgz. Extracting by manifest.
129 silly tarball no local data for ms@https://registry.npmjs.org/ms/-/ms-2.0.0.tgz. Extracting by manifest.
130 silly tarball no local data for moment-timezone@https://registry.npmjs.org/moment-timezone/-/moment-timezone-0.5.41.tgz. Extracting by manifest.
131 silly tarball no local data for moment@https://registry.npmjs.org/moment/-/moment-2.29.4.tgz. Extracting by manifest.
132 silly tarball no local data for mkdirp@https://registry.npmjs.org/mkdirp/-/mkdirp-1.0.4.tgz. Extracting by manifest.
133 silly tarball no local data for minizlib@https://registry.npmjs.org/minizlib/-/minizlib-2.1.2.tgz. Extracting by manifest.
134 silly tarball no local data for minipass@https://registry.npmjs.org/minipass/-/minipass-4.2.5.tgz. Extracting by manifest.
135 silly tarball no local data for minimatch@https://registry.npmjs.org/minimatch/-/minimatch-3.1.2.tgz. Extracting by manifest.
136 silly tarball no local data for mime-types@https://registry.npmjs.org/mime-types/-/mime-types-2.1.35.tgz. Extracting by manifest.
137 silly tarball no local data for mime-db@https://registry.npmjs.org/mime-db/-/mime-db-1.52.0.tgz. Extracting by manifest.
138 silly tarball no local data for mime@https://registry.npmjs.org/mime/-/mime-1.6.0.tgz. Extracting by manifest.
139 silly tarball no local data for methods@https://registry.npmjs.org/methods/-/methods-1.1.2.tgz. Extracting by manifest.
140 silly tarball no local data for merge-descriptors@https://registry.npmjs.org/merge-descriptors/-/merge-descriptors-1.0.1.tgz. Extracting by manifest.
141 silly tarball no local data for media-typer@https://registry.npmjs.org/media-typer/-/media-typer-0.3.0.tgz. Extracting by manifest.
142 silly tarball no local data for make-dir@https://registry.npmjs.org/make-dir/-/make-dir-3.1.0.tgz. Extracting by manifest.
143 silly tarball no local data for lru-cache@https://registry.npmjs.org/lru-cache/-/lru-cache-6.0.0.tgz. Extracting by manifest.
144 silly tarball no local data for lodash@https://registry.npmjs.org/lodash/-/lodash-4.17.21.tgz. Extracting by manifest.
145 silly tarball no local data for jws@https://registry.npmjs.org/jws/-/jws-3.2.2.tgz. Extracting by manifest.
146 silly tarball no local data for jwa@https://registry.npmjs.org/jwa/-/jwa-1.4.1.tgz. Extracting by manifest.
147 silly tarball no local data for jsonwebtoken@https://registry.npmjs.org/jsonwebtoken/-/jsonwebtoken-9.0.0.tgz. Extracting by manifest.
148 silly tarball no local data for is-number@https://registry.npmjs.org/is-number/-/is-number-7.0.0.tgz. Extracting by manifest.
149 silly tarball no local data for is-glob@https://registry.npmjs.org/is-glob/-/is-glob-4.0.3.tgz. Extracting by manifest.
150 silly tarball no local data for is-fullwidth-code-point@https://registry.npmjs.org/is-fullwidth-code-point/-/is-fullwidth-code-point-3.0.0.tgz. Extracting by manifest.
151 silly tarball no local data for is-extglob@https://registry.npmjs.org/is-extglob/-/is-extglob-2.1.1.tgz. Extracting by manifest.
152 silly tarball no local data for is-binary-path@https://registry.npmjs.org/is-binary-path/-/is-binary-path-2.1.0.tgz. Extracting by manifest.
153 silly tarball no local data for ipaddr.js@https://registry.npmjs.org/ipaddr.js/-/ipaddr.js-1.9.1.tgz. Extracting by manifest.
154 silly tarball no local data for inherits@https://registry.npmjs.org/inherits/-/inherits-2.0.4.tgz. Extracting by manifest.
155 silly tarball no local data for inflight@https://registry.npmjs.org/inflight/-/inflight-1.0.6.tgz. Extracting by manifest.
156 silly tarball no local data for inflection@https://registry.npmjs.org/inflection/-/inflection-1.13.4.tgz. Extracting by manifest.
157 silly tarball no local data for ignore-by-default@https://registry.npmjs.org/ignore-by-default/-/ignore-by-default-1.0.1.tgz. Extracting by manifest.
158 silly tarball no local data for iconv-lite@https://registry.npmjs.org/iconv-lite/-/iconv-lite-0.4.24.tgz. Extracting by manifest.
159 silly tarball no local data for https-proxy-agent@https://registry.npmjs.org/https-proxy-agent/-/https-proxy-agent-5.0.1.tgz. Extracting by manifest.
160 silly tarball no local data for https@https://registry.npmjs.org/https/-/https-1.0.0.tgz. Extracting by manifest.
161 silly tarball no local data for http-errors@https://registry.npmjs.org/http-errors/-/http-errors-2.0.0.tgz. Extracting by manifest.
162 silly tarball no local data for has-unicode@https://registry.npmjs.org/has-unicode/-/has-unicode-2.0.1.tgz. Extracting by manifest.
163 silly tarball no local data for has-symbols@https://registry.npmjs.org/has-symbols/-/has-symbols-1.0.3.tgz. Extracting by manifest.
164 silly tarball no local data for has-flag@https://registry.npmjs.org/has-flag/-/has-flag-3.0.0.tgz. Extracting by manifest.
165 silly tarball no local data for has@https://registry.npmjs.org/has/-/has-1.0.3.tgz. Extracting by manifest.
166 silly tarball no local data for glob-parent@https://registry.npmjs.org/glob-parent/-/glob-parent-5.1.2.tgz. Extracting by manifest.
167 silly tarball no local data for glob@https://registry.npmjs.org/glob/-/glob-7.2.3.tgz. Extracting by manifest.
168 silly tarball no local data for get-intrinsic@https://registry.npmjs.org/get-intrinsic/-/get-intrinsic-1.2.0.tgz. Extracting by manifest.
169 silly tarball no local data for gauge@https://registry.npmjs.org/gauge/-/gauge-3.0.2.tgz. Extracting by manifest.
170 silly tarball no local data for function-bind@https://registry.npmjs.org/function-bind/-/function-bind-1.1.1.tgz. Extracting by manifest.
171 silly tarball no local data for fs.realpath@https://registry.npmjs.org/fs.realpath/-/fs.realpath-1.0.0.tgz. Extracting by manifest.
172 silly tarball no local data for fs-minipass@https://registry.npmjs.org/fs-minipass/-/fs-minipass-2.1.0.tgz. Extracting by manifest.
173 silly tarball no local data for fresh@https://registry.npmjs.org/fresh/-/fresh-0.5.2.tgz. Extracting by manifest.
174 silly tarball no local data for forwarded@https://registry.npmjs.org/forwarded/-/forwarded-0.2.0.tgz. Extracting by manifest.
175 silly tarball no local data for finalhandler@https://registry.npmjs.org/finalhandler/-/finalhandler-1.2.0.tgz. Extracting by manifest.
176 silly tarball no local data for fill-range@https://registry.npmjs.org/fill-range/-/fill-range-7.0.1.tgz. Extracting by manifest.
177 silly tarball no local data for express-fileupload@https://registry.npmjs.org/express-fileupload/-/express-fileupload-1.4.0.tgz. Extracting by manifest.
178 silly tarball no local data for express@https://registry.npmjs.org/express/-/express-4.18.2.tgz. Extracting by manifest.
179 silly tarball no local data for etag@https://registry.npmjs.org/etag/-/etag-1.8.1.tgz. Extracting by manifest.
180 silly tarball no local data for escape-html@https://registry.npmjs.org/escape-html/-/escape-html-1.0.3.tgz. Extracting by manifest.
181 silly tarball no local data for encodeurl@https://registry.npmjs.org/encodeurl/-/encodeurl-1.0.2.tgz. Extracting by manifest.
182 silly tarball no local data for emoji-regex@https://registry.npmjs.org/emoji-regex/-/emoji-regex-8.0.0.tgz. Extracting by manifest.
183 silly tarball no local data for ee-first@https://registry.npmjs.org/ee-first/-/ee-first-1.1.1.tgz. Extracting by manifest.
184 silly tarball no local data for ecdsa-sig-formatter@https://registry.npmjs.org/ecdsa-sig-formatter/-/ecdsa-sig-formatter-1.0.11.tgz. Extracting by manifest.
185 silly tarball no local data for dottie@https://registry.npmjs.org/dottie/-/dottie-2.0.3.tgz. Extracting by manifest.
186 silly tarball no local data for dotenv@https://registry.npmjs.org/dotenv/-/dotenv-16.0.3.tgz. Extracting by manifest.
187 silly tarball no local data for detect-libc@https://registry.npmjs.org/detect-libc/-/detect-libc-2.0.1.tgz. Extracting by manifest.
188 silly tarball no local data for destroy@https://registry.npmjs.org/destroy/-/destroy-1.2.0.tgz. Extracting by manifest.
189 silly tarball no local data for depd@https://registry.npmjs.org/depd/-/depd-2.0.0.tgz. Extracting by manifest.
190 silly tarball no local data for delegates@https://registry.npmjs.org/delegates/-/delegates-1.0.0.tgz. Extracting by manifest.
191 silly tarball no local data for debug@https://registry.npmjs.org/debug/-/debug-2.6.9.tgz. Extracting by manifest.
192 silly tarball no local data for cors@https://registry.npmjs.org/cors/-/cors-2.8.5.tgz. Extracting by manifest.
193 silly tarball no local data for cookie-signature@https://registry.npmjs.org/cookie-signature/-/cookie-signature-1.0.6.tgz. Extracting by manifest.
194 silly tarball no local data for cookie@https://registry.npmjs.org/cookie/-/cookie-0.5.0.tgz. Extracting by manifest.
195 silly tarball no local data for content-type@https://registry.npmjs.org/content-type/-/content-type-1.0.5.tgz. Extracting by manifest.
196 silly tarball no local data for content-disposition@https://registry.npmjs.org/content-disposition/-/content-disposition-0.5.4.tgz. Extracting by manifest.
197 silly tarball no local data for console-control-strings@https://registry.npmjs.org/console-control-strings/-/console-control-strings-1.1.0.tgz. Extracting by manifest.
198 silly tarball no local data for concat-map@https://registry.npmjs.org/concat-map/-/concat-map-0.0.1.tgz. Extracting by manifest.
199 silly tarball no local data for color-support@https://registry.npmjs.org/color-support/-/color-support-1.1.3.tgz. Extracting by manifest.
200 silly tarball no local data for chownr@https://registry.npmjs.org/chownr/-/chownr-2.0.0.tgz. Extracting by manifest.
201 silly tarball no local data for chokidar@https://registry.npmjs.org/chokidar/-/chokidar-3.5.3.tgz. Extracting by manifest.
202 silly tarball no local data for call-bind@https://registry.npmjs.org/call-bind/-/call-bind-1.0.2.tgz. Extracting by manifest.
203 silly tarball no local data for bytes@https://registry.npmjs.org/bytes/-/bytes-3.1.2.tgz. Extracting by manifest.
204 silly tarball no local data for busboy@https://registry.npmjs.org/busboy/-/busboy-1.6.0.tgz. Extracting by manifest.
205 silly tarball no local data for buffer-writer@https://registry.npmjs.org/buffer-writer/-/buffer-writer-2.0.0.tgz. Extracting by manifest.
206 silly tarball no local data for buffer-equal-constant-time@https://registry.npmjs.org/buffer-equal-constant-time/-/buffer-equal-constant-time-1.0.1.tgz. Extracting by manifest.
207 silly tarball no local data for braces@https://registry.npmjs.org/braces/-/braces-3.0.2.tgz. Extracting by manifest.
208 silly tarball no local data for brace-expansion@https://registry.npmjs.org/brace-expansion/-/brace-expansion-1.1.11.tgz. Extracting by manifest.
209 silly tarball no local data for body-parser@https://registry.npmjs.org/body-parser/-/body-parser-1.20.1.tgz. Extracting by manifest.
210 silly tarball no local data for binary-extensions@https://registry.npmjs.org/binary-extensions/-/binary-extensions-2.2.0.tgz. Extracting by manifest.
211 silly tarball no local data for bcrypt@https://registry.npmjs.org/bcrypt/-/bcrypt-5.1.0.tgz. Extracting by manifest.
212 silly tarball no local data for balanced-match@https://registry.npmjs.org/balanced-match/-/balanced-match-1.0.2.tgz. Extracting by manifest.
213 silly tarball no local data for array-flatten@https://registry.npmjs.org/array-flatten/-/array-flatten-1.1.1.tgz. Extracting by manifest.
214 silly tarball no local data for are-we-there-yet@https://registry.npmjs.org/are-we-there-yet/-/are-we-there-yet-2.0.0.tgz. Extracting by manifest.
215 silly tarball no local data for aproba@https://registry.npmjs.org/aproba/-/aproba-2.0.0.tgz. Extracting by manifest.
216 silly tarball no local data for anymatch@https://registry.npmjs.org/anymatch/-/anymatch-3.1.3.tgz. Extracting by manifest.
217 silly tarball no local data for ansi-regex@https://registry.npmjs.org/ansi-regex/-/ansi-regex-5.0.1.tgz. Extracting by manifest.
218 silly tarball no local data for agent-base@https://registry.npmjs.org/agent-base/-/agent-base-6.0.2.tgz. Extracting by manifest.
219 silly tarball no local data for accepts@https://registry.npmjs.org/accepts/-/accepts-1.3.8.tgz. Extracting by manifest.
220 silly tarball no local data for abbrev@https://registry.npmjs.org/abbrev/-/abbrev-1.1.1.tgz. Extracting by manifest.
221 silly tarball no local data for @types/validator@https://registry.npmjs.org/@types/validator/-/validator-13.7.14.tgz. Extracting by manifest.
222 silly tarball no local data for @types/node@https://registry.npmjs.org/@types/node/-/node-18.15.3.tgz. Extracting by manifest.
223 silly tarball no local data for @types/ms@https://registry.npmjs.org/@types/ms/-/ms-0.7.31.tgz. Extracting by manifest.
224 silly tarball no local data for @types/debug@https://registry.npmjs.org/@types/debug/-/debug-4.1.7.tgz. Extracting by manifest.
225 silly tarball no local data for @mapbox/node-pre-gyp@https://registry.npmjs.org/@mapbox/node-pre-gyp/-/node-pre-gyp-1.0.10.tgz. Extracting by manifest.
226 silly tarball no local data for semver@https://registry.npmjs.org/semver/-/semver-7.0.0.tgz. Extracting by manifest.
227 silly tarball no local data for uuid@https://registry.npmjs.org/uuid/-/uuid-8.3.2.tgz. Extracting by manifest.
228 silly tarball no local data for ms@https://registry.npmjs.org/ms/-/ms-2.1.2.tgz. Extracting by manifest.
229 silly tarball no local data for debug@https://registry.npmjs.org/debug/-/debug-4.3.4.tgz. Extracting by manifest.
230 silly tarball no local data for ms@https://registry.npmjs.org/ms/-/ms-2.1.3.tgz. Extracting by manifest.
231 silly tarball no local data for semver@https://registry.npmjs.org/semver/-/semver-5.7.1.tgz. Extracting by manifest.
232 silly tarball no local data for ms@https://registry.npmjs.org/ms/-/ms-2.1.3.tgz. Extracting by manifest.
233 silly tarball no local data for debug@https://registry.npmjs.org/debug/-/debug-3.2.7.tgz. Extracting by manifest.
234 silly tarball no local data for minipass@https://registry.npmjs.org/minipass/-/minipass-3.3.6.tgz. Extracting by manifest.
235 silly tarball no local data for semver@https://registry.npmjs.org/semver/-/semver-6.3.0.tgz. Extracting by manifest.
236 silly tarball no local data for ms@https://registry.npmjs.org/ms/-/ms-2.1.3.tgz. Extracting by manifest.
237 silly tarball no local data for ms@https://registry.npmjs.org/ms/-/ms-2.1.2.tgz. Extracting by manifest.
238 silly tarball no local data for debug@https://registry.npmjs.org/debug/-/debug-4.3.4.tgz. Extracting by manifest.
239 silly tarball no local data for minipass@https://registry.npmjs.org/minipass/-/minipass-3.3.6.tgz. Extracting by manifest.
240 silly tarball no local data for ms@https://registry.npmjs.org/ms/-/ms-2.1.2.tgz. Extracting by manifest.
241 silly tarball no local data for debug@https://registry.npmjs.org/debug/-/debug-4.3.4.tgz. Extracting by manifest.
242 silly tarball no local data for nopt@https://registry.npmjs.org/nopt/-/nopt-5.0.0.tgz. Extracting by manifest.
243 http fetch POST 200 https://registry.npmjs.org/-/npm/v1/security/advisories/bulk 1852ms
244 timing auditReport:getReport Completed in 1856ms
245 silly audit report {
245 silly audit report   dottie: [
245 silly audit report     {
245 silly audit report       id: 1095024,
245 silly audit report       url: 'https://github.com/advisories/GHSA-4gxf-g5gf-22h4',
245 silly audit report       title: 'dottie vulnerable to Prototype Pollution',
245 silly audit report       severity: 'high',
245 silly audit report       vulnerable_versions: '<2.0.4',
245 silly audit report       cwe: [Array],
245 silly audit report       cvss: [Object]
245 silly audit report     }
245 silly audit report   ],
245 silly audit report   semver: [
245 silly audit report     {
245 silly audit report       id: 1095365,
245 silly audit report       url: 'https://github.com/advisories/GHSA-c2qf-rxjj-qqgw',
245 silly audit report       title: 'semver vulnerable to Regular Expression Denial of Service',
245 silly audit report       severity: 'moderate',
245 silly audit report       vulnerable_versions: '<5.7.2',
245 silly audit report       cwe: [Array],
245 silly audit report       cvss: [Object]
245 silly audit report     },
245 silly audit report     {
245 silly audit report       id: 1095366,
245 silly audit report       url: 'https://github.com/advisories/GHSA-c2qf-rxjj-qqgw',
245 silly audit report       title: 'semver vulnerable to Regular Expression Denial of Service',
245 silly audit report       severity: 'moderate',
245 silly audit report       vulnerable_versions: '>=6.0.0 <6.3.1',
245 silly audit report       cwe: [Array],
245 silly audit report       cvss: [Object]
245 silly audit report     },
245 silly audit report     {
245 silly audit report       id: 1095367,
245 silly audit report       url: 'https://github.com/advisories/GHSA-c2qf-rxjj-qqgw',
245 silly audit report       title: 'semver vulnerable to Regular Expression Denial of Service',
245 silly audit report       severity: 'moderate',
245 silly audit report       vulnerable_versions: '>=7.0.0 <7.5.2',
245 silly audit report       cwe: [Array],
245 silly audit report       cvss: [Object]
245 silly audit report     }
245 silly audit report   ]
245 silly audit report }
246 timing metavuln:cache:get:security-advisory:dottie:AnV4qBzaBhYJ1qPDSXMqF0vdXmnttEfAzDCBmSca/W0AkPZUq3xUlFSHbxqc4g6JeFpui4P2qt1v8l6leIDSkA== Completed in 140ms
247 timing metavuln:cache:get:security-advisory:semver:vJraZSMCyFgVQ1bNhWOdU+XpEYGbHFUDM5/14lk3FB9a6J8P2rnzNsKu2Y+kXua1A+i6q1QhI6bGVi1eZzIkWw== Completed in 138ms
248 timing metavuln:cache:get:security-advisory:semver:B2yCVDuSmLf8332mhGhg1S6Zd7Koie5xyRZDXEe2xdprLBYcYjJgahmRqKRNsryDFUzhmwYo3ZKc1tOJhj2lvA== Completed in 138ms
249 timing metavuln:cache:get:security-advisory:semver:leVLOBH6L7kijYa3ZPoQW9c9DpHJTQ4x06h9XnsNdXXFEYuoiAk7QDdx6msC9K+vk8daIqdrHHiDZzPezh3uNg== Completed in 137ms
250 http fetch GET 200 https://registry.npmjs.org/ecdsa-sig-formatter/-/ecdsa-sig-formatter-1.0.11.tgz 2349ms (cache miss)
251 timing reifyNode:node_modules/ecdsa-sig-formatter Completed in 2604ms
252 http fetch GET 200 https://registry.npmjs.org/dottie/-/dottie-2.0.3.tgz 2348ms (cache miss)
253 timing reifyNode:node_modules/dottie Completed in 2605ms
254 http fetch GET 200 https://registry.npmjs.org/fresh/-/fresh-0.5.2.tgz 2362ms (cache miss)
255 timing reifyNode:node_modules/fresh Completed in 2606ms
256 http fetch GET 200 https://registry.npmjs.org/content-type/-/content-type-1.0.5.tgz 2342ms (cache miss)
257 timing reifyNode:node_modules/content-type Completed in 2606ms
258 http fetch GET 200 https://registry.npmjs.org/make-dir/-/make-dir-3.1.0.tgz 2390ms (cache miss)
259 timing reifyNode:node_modules/make-dir Completed in 2609ms
260 http fetch GET 200 https://registry.npmjs.org/supports-color/-/supports-color-5.5.0.tgz 2514ms (cache miss)
261 timing reifyNode:node_modules/supports-color Completed in 2617ms
262 http fetch GET 200 https://registry.npmjs.org/encodeurl/-/encodeurl-1.0.2.tgz 2356ms (cache miss)
263 timing reifyNode:node_modules/encodeurl Completed in 2609ms
264 http fetch GET 200 https://registry.npmjs.org/postgres-date/-/postgres-date-1.0.7.tgz 2469ms (cache miss)
265 timing reifyNode:node_modules/postgres-date Completed in 2617ms
266 http fetch GET 200 https://registry.npmjs.org/balanced-match/-/balanced-match-1.0.2.tgz 2329ms (cache miss)
267 timing reifyNode:node_modules/balanced-match Completed in 2611ms
268 http fetch GET 200 https://registry.npmjs.org/ms/-/ms-2.1.2.tgz 2272ms (cache miss)
269 timing reifyNode:node_modules/https-proxy-agent/node_modules/ms Completed in 2613ms
270 http fetch GET 200 https://registry.npmjs.org/touch/-/touch-3.1.0.tgz 2530ms (cache miss)
271 timing reifyNode:node_modules/touch Completed in 2627ms
272 http fetch GET 200 https://registry.npmjs.org/pg-hstore/-/pg-hstore-2.3.4.tgz 2454ms (cache miss)
273 timing reifyNode:node_modules/pg-hstore Completed in 2626ms
274 http fetch GET 200 https://registry.npmjs.org/minizlib/-/minizlib-2.1.2.tgz 2424ms (cache miss)
275 timing reifyNode:node_modules/minizlib Completed in 2627ms
276 http fetch GET 200 https://registry.npmjs.org/lru-cache/-/lru-cache-6.0.0.tgz 2406ms (cache miss)
277 timing reifyNode:node_modules/lru-cache Completed in 2626ms
278 http fetch GET 200 https://registry.npmjs.org/negotiator/-/negotiator-0.6.3.tgz 2435ms (cache miss)
279 timing reifyNode:node_modules/negotiator Completed in 2631ms
280 http fetch GET 200 https://registry.npmjs.org/npmlog/-/npmlog-5.0.1.tgz 2447ms (cache miss)
281 timing reifyNode:node_modules/npmlog Completed in 2631ms
282 http fetch GET 200 https://registry.npmjs.org/has-flag/-/has-flag-3.0.0.tgz 2389ms (cache miss)
283 timing reifyNode:node_modules/has-flag Completed in 2625ms
284 http fetch GET 200 https://registry.npmjs.org/pg-connection-string/-/pg-connection-string-2.5.0.tgz 2461ms (cache miss)
285 timing reifyNode:node_modules/pg-connection-string Completed in 2634ms
286 http fetch GET 200 https://registry.npmjs.org/escape-html/-/escape-html-1.0.3.tgz 2378ms (cache miss)
287 timing reifyNode:node_modules/escape-html Completed in 2630ms
288 http fetch GET 200 https://registry.npmjs.org/cookie-signature/-/cookie-signature-1.0.6.tgz 2369ms (cache miss)
289 timing reifyNode:node_modules/cookie-signature Completed in 2631ms
290 http fetch GET 200 https://registry.npmjs.org/function-bind/-/function-bind-1.1.1.tgz 2390ms (cache miss)
291 timing reifyNode:node_modules/function-bind Completed in 2632ms
292 http fetch GET 200 https://registry.npmjs.org/etag/-/etag-1.8.1.tgz 2382ms (cache miss)
293 timing reifyNode:node_modules/etag Completed in 2633ms
294 http fetch GET 200 https://registry.npmjs.org/parseurl/-/parseurl-1.3.3.tgz 2463ms (cache miss)
295 timing reifyNode:node_modules/parseurl Completed in 2639ms
296 http fetch GET 200 https://registry.npmjs.org/content-disposition/-/content-disposition-0.5.4.tgz 2369ms (cache miss)
297 timing reifyNode:node_modules/content-disposition Completed in 2633ms
298 http fetch GET 200 https://registry.npmjs.org/readdirp/-/readdirp-3.6.0.tgz 2517ms (cache miss)
299 timing reifyNode:node_modules/readdirp Completed in 2644ms
300 http fetch GET 200 https://registry.npmjs.org/buffer-writer/-/buffer-writer-2.0.0.tgz 2362ms (cache miss)
301 timing reifyNode:node_modules/buffer-writer Completed in 2636ms
302 http fetch GET 200 https://registry.npmjs.org/bytes/-/bytes-3.1.2.tgz 2363ms (cache miss)
303 timing reifyNode:node_modules/bytes Completed in 2636ms
304 http fetch GET 200 https://registry.npmjs.org/ms/-/ms-2.0.0.tgz 2447ms (cache miss)
305 timing reifyNode:node_modules/ms Completed in 2644ms
306 http fetch GET 200 https://registry.npmjs.org/aproba/-/aproba-2.0.0.tgz 2351ms (cache miss)
307 timing reifyNode:node_modules/aproba Completed in 2636ms
308 http fetch GET 200 https://registry.npmjs.org/has/-/has-1.0.3.tgz 2403ms (cache miss)
309 timing reifyNode:node_modules/has Completed in 2640ms
310 http fetch GET 200 https://registry.npmjs.org/@types/debug/-/debug-4.1.7.tgz 2344ms (cache miss)
311 timing reifyNode:node_modules/@types/debug Completed in 2640ms
312 http fetch GET 200 https://registry.npmjs.org/@types/ms/-/ms-0.7.31.tgz 2346ms (cache miss)
313 timing reifyNode:node_modules/@types/ms Completed in 2640ms
314 http fetch GET 200 https://registry.npmjs.org/is-extglob/-/is-extglob-2.1.1.tgz 2420ms (cache miss)
315 timing reifyNode:node_modules/is-extglob Completed in 2644ms
316 http fetch GET 200 https://registry.npmjs.org/ansi-regex/-/ansi-regex-5.0.1.tgz 2354ms (cache miss)
317 timing reifyNode:node_modules/ansi-regex Completed in 2640ms
318 http fetch GET 200 https://registry.npmjs.org/webidl-conversions/-/webidl-conversions-3.0.1.tgz 2563ms (cache miss)
319 timing reifyNode:node_modules/webidl-conversions Completed in 2654ms
320 http fetch GET 200 https://registry.npmjs.org/vary/-/vary-1.1.2.tgz 2563ms (cache miss)
321 timing reifyNode:node_modules/vary Completed in 2654ms
322 http fetch GET 200 https://registry.npmjs.org/string-width/-/string-width-4.2.3.tgz 2549ms (cache miss)
323 timing reifyNode:node_modules/string-width Completed in 2654ms
324 http fetch GET 200 https://registry.npmjs.org/toposort-class/-/toposort-class-1.0.1.tgz 2558ms (cache miss)
325 timing reifyNode:node_modules/toposort-class Completed in 2655ms
326 http fetch GET 200 https://registry.npmjs.org/strip-ansi/-/strip-ansi-6.0.1.tgz 2551ms (cache miss)
327 timing reifyNode:node_modules/strip-ansi Completed in 2654ms
328 http fetch GET 200 https://registry.npmjs.org/undefsafe/-/undefsafe-2.0.5.tgz 2561ms (cache miss)
329 timing reifyNode:node_modules/undefsafe Completed in 2656ms
330 http fetch GET 200 https://registry.npmjs.org/toidentifier/-/toidentifier-1.0.1.tgz 2555ms (cache miss)
331 timing reifyNode:node_modules/toidentifier Completed in 2656ms
332 http fetch GET 200 https://registry.npmjs.org/rimraf/-/rimraf-3.0.2.tgz 2534ms (cache miss)
333 timing reifyNode:node_modules/rimraf Completed in 2655ms
334 http fetch GET 200 https://registry.npmjs.org/path-to-regexp/-/path-to-regexp-0.1.7.tgz 2481ms (cache miss)
335 timing reifyNode:node_modules/path-to-regexp Completed in 2655ms
336 http fetch GET 200 https://registry.npmjs.org/set-blocking/-/set-blocking-2.0.0.tgz 2544ms (cache miss)
337 timing reifyNode:node_modules/set-blocking Completed in 2657ms
338 http fetch GET 200 https://registry.npmjs.org/object-assign/-/object-assign-4.1.1.tgz 2473ms (cache miss)
339 timing reifyNode:node_modules/object-assign Completed in 2656ms
340 http fetch GET 200 https://registry.npmjs.org/range-parser/-/range-parser-1.2.1.tgz 2528ms (cache miss)
341 timing reifyNode:node_modules/range-parser Completed in 2658ms
342 http fetch GET 200 https://registry.npmjs.org/once/-/once-1.4.0.tgz 2477ms (cache miss)
343 timing reifyNode:node_modules/once Completed in 2658ms
344 http fetch GET 200 https://registry.npmjs.org/normalize-path/-/normalize-path-3.0.0.tgz 2474ms (cache miss)
345 timing reifyNode:node_modules/normalize-path Completed in 2659ms
346 http fetch GET 200 https://registry.npmjs.org/raw-body/-/raw-body-2.5.1.tgz 2532ms (cache miss)
347 timing reifyNode:node_modules/raw-body Completed in 2663ms
348 http fetch GET 200 https://registry.npmjs.org/merge-descriptors/-/merge-descriptors-1.0.1.tgz 2452ms (cache miss)
349 timing reifyNode:node_modules/merge-descriptors Completed in 2659ms
350 http fetch GET 200 https://registry.npmjs.org/forwarded/-/forwarded-0.2.0.tgz 2411ms (cache miss)
351 timing reifyNode:node_modules/forwarded Completed in 2657ms
352 http fetch GET 200 https://registry.npmjs.org/has-unicode/-/has-unicode-2.0.1.tgz 2422ms (cache miss)
353 timing reifyNode:node_modules/has-unicode Completed in 2657ms
354 http fetch GET 200 https://registry.npmjs.org/https/-/https-1.0.0.tgz 2423ms (cache miss)
355 timing reifyNode:node_modules/https Completed in 2658ms
356 http fetch GET 200 https://registry.npmjs.org/http-errors/-/http-errors-2.0.0.tgz 2424ms (cache miss)
357 timing reifyNode:node_modules/http-errors Completed in 2658ms
358 http fetch GET 200 https://registry.npmjs.org/destroy/-/destroy-1.2.0.tgz 2399ms (cache miss)
359 timing reifyNode:node_modules/destroy Completed in 2657ms
360 http fetch GET 200 https://registry.npmjs.org/cors/-/cors-2.8.5.tgz 2396ms (cache miss)
361 timing reifyNode:node_modules/cors Completed in 2658ms
362 http fetch GET 200 https://registry.npmjs.org/detect-libc/-/detect-libc-2.0.1.tgz 2401ms (cache miss)
363 timing reifyNode:node_modules/detect-libc Completed in 2658ms
364 http fetch GET 200 https://registry.npmjs.org/depd/-/depd-2.0.0.tgz 2400ms (cache miss)
365 timing reifyNode:node_modules/depd Completed in 2658ms
366 http fetch GET 200 https://registry.npmjs.org/console-control-strings/-/console-control-strings-1.1.0.tgz 2392ms (cache miss)
367 timing reifyNode:node_modules/console-control-strings Completed in 2658ms
368 http fetch GET 200 https://registry.npmjs.org/postgres-interval/-/postgres-interval-1.2.0.tgz 2534ms (cache miss)
369 timing reifyNode:node_modules/postgres-interval Completed in 2666ms
370 http fetch GET 200 https://registry.npmjs.org/inflight/-/inflight-1.0.6.tgz 2433ms (cache miss)
371 timing reifyNode:node_modules/inflight Completed in 2661ms
372 http fetch GET 200 https://registry.npmjs.org/concat-map/-/concat-map-0.0.1.tgz 2393ms (cache miss)
373 timing reifyNode:node_modules/concat-map Completed in 2660ms
374 http fetch GET 200 https://registry.npmjs.org/color-support/-/color-support-1.1.3.tgz 2390ms (cache miss)
375 timing reifyNode:node_modules/color-support Completed in 2660ms
376 http fetch GET 200 https://registry.npmjs.org/path-is-absolute/-/path-is-absolute-1.0.1.tgz 2492ms (cache miss)
377 timing reifyNode:node_modules/path-is-absolute Completed in 2667ms
378 http fetch GET 200 https://registry.npmjs.org/are-we-there-yet/-/are-we-there-yet-2.0.0.tgz 2376ms (cache miss)
379 timing reifyNode:node_modules/are-we-there-yet Completed in 2660ms
380 http fetch GET 200 https://registry.npmjs.org/on-finished/-/on-finished-2.4.1.tgz 2486ms (cache miss)
381 timing reifyNode:node_modules/on-finished Completed in 2668ms
382 http fetch GET 200 https://registry.npmjs.org/array-flatten/-/array-flatten-1.1.1.tgz 2379ms (cache miss)
383 timing reifyNode:node_modules/array-flatten Completed in 2661ms
384 http fetch GET 200 https://registry.npmjs.org/ms/-/ms-2.1.2.tgz 2320ms (cache miss)
385 timing reifyNode:node_modules/agent-base/node_modules/ms Completed in 2662ms
386 http fetch GET 200 https://registry.npmjs.org/ms/-/ms-2.1.2.tgz 2329ms (cache miss)
387 timing reifyNode:node_modules/sequelize/node_modules/ms Completed in 2672ms
388 http fetch GET 200 https://registry.npmjs.org/abbrev/-/abbrev-1.1.1.tgz 2374ms (cache miss)
389 timing reifyNode:node_modules/abbrev Completed in 2663ms
390 http fetch GET 200 https://registry.npmjs.org/ms/-/ms-2.1.3.tgz 2329ms (cache miss)
391 timing reifyNode:node_modules/send/node_modules/ms Completed in 2673ms
392 http fetch GET 200 https://registry.npmjs.org/chownr/-/chownr-2.0.0.tgz 2395ms (cache miss)
393 timing reifyNode:node_modules/chownr Completed in 2665ms
394 http fetch GET 200 https://registry.npmjs.org/delegates/-/delegates-1.0.0.tgz 2405ms (cache miss)
395 timing reifyNode:node_modules/delegates Completed in 2665ms
396 http fetch GET 200 https://registry.npmjs.org/proxy-addr/-/proxy-addr-2.0.7.tgz 2542ms (cache miss)
397 timing reifyNode:node_modules/proxy-addr Completed in 2673ms
398 http fetch GET 200 https://registry.npmjs.org/buffer-equal-constant-time/-/buffer-equal-constant-time-1.0.1.tgz 2389ms (cache miss)
399 timing reifyNode:node_modules/buffer-equal-constant-time Completed in 2666ms
400 http fetch GET 200 https://registry.npmjs.org/is-glob/-/is-glob-4.0.3.tgz 2447ms (cache miss)
401 timing reifyNode:node_modules/is-glob Completed in 2670ms
402 http fetch GET 200 https://registry.npmjs.org/xtend/-/xtend-4.0.2.tgz 2593ms (cache miss)
403 timing reifyNode:node_modules/xtend Completed in 2681ms
404 http fetch GET 200 https://registry.npmjs.org/wrappy/-/wrappy-1.0.2.tgz 2593ms (cache miss)
405 timing reifyNode:node_modules/wrappy Completed in 2682ms
406 http fetch GET 200 https://registry.npmjs.org/wide-align/-/wide-align-1.1.5.tgz 2592ms (cache miss)
407 timing reifyNode:node_modules/wide-align Completed in 2682ms
408 http fetch GET 200 https://registry.npmjs.org/utils-merge/-/utils-merge-1.0.1.tgz 2588ms (cache miss)
409 timing reifyNode:node_modules/utils-merge Completed in 2681ms
410 http fetch GET 200 https://registry.npmjs.org/util-deprecate/-/util-deprecate-1.0.2.tgz 2587ms (cache miss)
411 timing reifyNode:node_modules/util-deprecate Completed in 2681ms
412 http fetch GET 200 https://registry.npmjs.org/type-is/-/type-is-1.6.18.tgz 2586ms (cache miss)
413 timing reifyNode:node_modules/type-is Completed in 2681ms
414 http fetch GET 200 https://registry.npmjs.org/yallist/-/yallist-4.0.0.tgz 2596ms (cache miss)
415 timing reifyNode:node_modules/yallist Completed in 2683ms
416 http fetch GET 200 https://registry.npmjs.org/to-regex-range/-/to-regex-range-5.0.1.tgz 2580ms (cache miss)
417 timing reifyNode:node_modules/to-regex-range Completed in 2682ms
418 http fetch GET 200 https://registry.npmjs.org/side-channel/-/side-channel-1.0.4.tgz 2570ms (cache miss)
419 timing reifyNode:node_modules/side-channel Completed in 2682ms
420 http fetch GET 200 https://registry.npmjs.org/signal-exit/-/signal-exit-3.0.7.tgz 2571ms (cache miss)
421 timing reifyNode:node_modules/signal-exit Completed in 2682ms
422 http fetch GET 200 https://registry.npmjs.org/split2/-/split2-4.1.0.tgz 2576ms (cache miss)
423 timing reifyNode:node_modules/split2 Completed in 2683ms
424 http fetch GET 200 https://registry.npmjs.org/string_decoder/-/string_decoder-1.3.0.tgz 2579ms (cache miss)
425 timing reifyNode:node_modules/string_decoder Completed in 2683ms
426 http fetch GET 200 https://registry.npmjs.org/safe-buffer/-/safe-buffer-5.2.1.tgz 2561ms (cache miss)
427 timing reifyNode:node_modules/safe-buffer Completed in 2683ms
428 http fetch GET 200 https://registry.npmjs.org/pgpass/-/pgpass-1.0.5.tgz 2518ms (cache miss)
429 timing reifyNode:node_modules/pgpass Completed in 2683ms
430 http fetch GET 200 https://registry.npmjs.org/packet-reader/-/packet-reader-1.0.0.tgz 2506ms (cache miss)
431 timing reifyNode:node_modules/packet-reader Completed in 2682ms
432 http fetch GET 200 https://registry.npmjs.org/postgres-array/-/postgres-array-2.0.0.tgz 2522ms (cache miss)
433 timing reifyNode:node_modules/postgres-array Completed in 2684ms
434 http fetch GET 200 https://registry.npmjs.org/simple-update-notifier/-/simple-update-notifier-1.1.0.tgz 2588ms (cache miss)
435 http fetch GET 200 https://registry.npmjs.org/mime-types/-/mime-types-2.1.35.tgz 2491ms (cache miss)
436 timing reifyNode:node_modules/mime-types Completed in 2696ms
437 http fetch GET 200 https://registry.npmjs.org/is-number/-/is-number-7.0.0.tgz 2471ms (cache miss)
438 timing reifyNode:node_modules/is-number Completed in 2694ms
439 http fetch GET 200 https://registry.npmjs.org/fs.realpath/-/fs.realpath-1.0.0.tgz 2449ms (cache miss)
440 timing reifyNode:node_modules/fs.realpath Completed in 2692ms
441 http fetch GET 200 https://registry.npmjs.org/fs-minipass/-/fs-minipass-2.1.0.tgz 2450ms (cache miss)
442 timing reifyNode:node_modules/fs-minipass Completed in 2693ms
443 http fetch GET 200 https://registry.npmjs.org/media-typer/-/media-typer-0.3.0.tgz 2477ms (cache miss)
444 timing reifyNode:node_modules/media-typer Completed in 2696ms
445 http fetch GET 200 https://registry.npmjs.org/glob-parent/-/glob-parent-5.1.2.tgz 2455ms (cache miss)
446 timing reifyNode:node_modules/glob-parent Completed in 2694ms
447 http fetch GET 200 https://registry.npmjs.org/ee-first/-/ee-first-1.1.1.tgz 2439ms (cache miss)
448 timing reifyNode:node_modules/ee-first Completed in 2693ms
449 http fetch GET 200 https://registry.npmjs.org/fill-range/-/fill-range-7.0.1.tgz 2449ms (cache miss)
450 timing reifyNode:node_modules/fill-range Completed in 2698ms
451 http fetch GET 200 https://registry.npmjs.org/ignore-by-default/-/ignore-by-default-1.0.1.tgz 2469ms (cache miss)
452 timing reifyNode:node_modules/ignore-by-default Completed in 2699ms
453 http fetch GET 200 https://registry.npmjs.org/methods/-/methods-1.1.2.tgz 2496ms (cache miss)
454 timing reifyNode:node_modules/methods Completed in 2702ms
455 http fetch GET 200 https://registry.npmjs.org/emoji-regex/-/emoji-regex-8.0.0.tgz 2446ms (cache miss)
456 timing reifyNode:node_modules/emoji-regex Completed in 2699ms
457 http fetch GET 200 https://registry.npmjs.org/brace-expansion/-/brace-expansion-1.1.11.tgz 2420ms (cache miss)
458 timing reifyNode:node_modules/brace-expansion Completed in 2699ms
459 http fetch GET 200 https://registry.npmjs.org/binary-extensions/-/binary-extensions-2.2.0.tgz 2421ms (cache miss)
460 timing reifyNode:node_modules/binary-extensions Completed in 2701ms
461 http fetch GET 200 https://registry.npmjs.org/jws/-/jws-3.2.2.tgz 2483ms (cache miss)
462 timing reifyNode:node_modules/jws Completed in 2704ms
463 http fetch GET 200 https://registry.npmjs.org/anymatch/-/anymatch-3.1.3.tgz 2415ms (cache miss)
464 timing reifyNode:node_modules/anymatch Completed in 2701ms
465 http fetch GET 200 https://registry.npmjs.org/serve-static/-/serve-static-1.15.0.tgz 2608ms (cache miss)
466 timing reifyNode:node_modules/serve-static Completed in 2722ms
467 http fetch GET 200 https://registry.npmjs.org/postgres-bytea/-/postgres-bytea-1.0.0.tgz 2565ms (cache miss)
468 timing reifyNode:node_modules/postgres-bytea Completed in 2726ms
469 http fetch GET 200 https://registry.npmjs.org/streamsearch/-/streamsearch-1.1.0.tgz 2626ms (cache miss)
470 timing reifyNode:node_modules/streamsearch Completed in 2731ms
471 http fetch GET 200 https://registry.npmjs.org/setprototypeof/-/setprototypeof-1.2.0.tgz 2619ms (cache miss)
472 timing reifyNode:node_modules/setprototypeof Completed in 2731ms
473 http fetch GET 200 https://registry.npmjs.org/pstree.remy/-/pstree.remy-1.1.8.tgz 2602ms (cache miss)
474 timing reifyNode:node_modules/pstree.remy Completed in 2733ms
475 http fetch GET 200 https://registry.npmjs.org/jwa/-/jwa-1.4.1.tgz 2509ms (cache miss)
476 timing reifyNode:node_modules/jwa Completed in 2731ms
477 http fetch GET 200 https://registry.npmjs.org/statuses/-/statuses-2.0.1.tgz 2632ms (cache miss)
478 timing reifyNode:node_modules/statuses Completed in 2738ms
479 http fetch GET 200 https://registry.npmjs.org/is-fullwidth-code-point/-/is-fullwidth-code-point-3.0.0.tgz 2508ms (cache miss)
480 timing reifyNode:node_modules/is-fullwidth-code-point Completed in 2732ms
481 http fetch GET 200 https://registry.npmjs.org/is-binary-path/-/is-binary-path-2.1.0.tgz 2508ms (cache miss)
482 timing reifyNode:node_modules/is-binary-path Completed in 2733ms
483 http fetch GET 200 https://registry.npmjs.org/cookie/-/cookie-0.5.0.tgz 2467ms (cache miss)
484 timing reifyNode:node_modules/cookie Completed in 2730ms
485 http fetch GET 200 https://registry.npmjs.org/accepts/-/accepts-1.3.8.tgz 2443ms (cache miss)
486 timing reifyNode:node_modules/accepts Completed in 2732ms
487 http fetch GET 200 https://registry.npmjs.org/ms/-/ms-2.1.3.tgz 2394ms (cache miss)
488 timing reifyNode:node_modules/jsonwebtoken/node_modules/ms Completed in 2736ms
489 http fetch GET 200 https://registry.npmjs.org/ms/-/ms-2.1.3.tgz 2396ms (cache miss)
490 timing reifyNode:node_modules/nodemon/node_modules/ms Completed in 2740ms
491 http fetch GET 200 https://registry.npmjs.org/finalhandler/-/finalhandler-1.2.0.tgz 2488ms (cache miss)
492 timing reifyNode:node_modules/finalhandler Completed in 2735ms
493 http fetch GET 200 https://registry.npmjs.org/unpipe/-/unpipe-1.0.0.tgz 2657ms (cache miss)
494 timing reifyNode:node_modules/unpipe Completed in 2751ms
495 http fetch GET 200 https://registry.npmjs.org/pg-int8/-/pg-int8-1.0.1.tgz 2585ms (cache miss)
496 timing reifyNode:node_modules/pg-int8 Completed in 2752ms
497 http fetch GET 200 https://registry.npmjs.org/inherits/-/inherits-2.0.4.tgz 2520ms (cache miss)
498 timing reifyNode:node_modules/inherits Completed in 2747ms
499 http fetch GET 200 https://registry.npmjs.org/dottie 915ms (cache miss)
500 timing metavuln:packument:dottie Completed in 915ms
501 timing metavuln:load:security-advisory:dottie:1095024 Completed in 1ms
502 timing reifyNode:node_modules/simple-update-notifier Completed in 2774ms
503 http fetch GET 200 https://registry.npmjs.org/minimatch/-/minimatch-3.1.2.tgz 2567ms (cache miss)
504 timing reifyNode:node_modules/minimatch Completed in 2772ms
505 http fetch GET 200 https://registry.npmjs.org/mkdirp/-/mkdirp-1.0.4.tgz 2574ms (cache miss)
506 timing reifyNode:node_modules/mkdirp Completed in 2773ms
507 http fetch GET 200 https://registry.npmjs.org/send/-/send-0.18.0.tgz 2688ms (cache miss)
508 timing reifyNode:node_modules/send Completed in 2808ms
509 http fetch GET 200 https://registry.npmjs.org/retry-as-promised/-/retry-as-promised-7.0.4.tgz 2686ms (cache miss)
510 timing reifyNode:node_modules/retry-as-promised Completed in 2811ms
511 http fetch GET 200 https://registry.npmjs.org/https-proxy-agent/-/https-proxy-agent-5.0.1.tgz 2579ms (cache miss)
512 timing reifyNode:node_modules/https-proxy-agent Completed in 2813ms
513 http fetch GET 200 https://registry.npmjs.org/whatwg-url/-/whatwg-url-5.0.0.tgz 2737ms (cache miss)
514 timing reifyNode:node_modules/whatwg-url Completed in 2827ms
515 http fetch GET 200 https://registry.npmjs.org/ipaddr.js/-/ipaddr.js-1.9.1.tgz 2596ms (cache miss)
516 timing reifyNode:node_modules/ipaddr.js Completed in 2821ms
517 http fetch GET 200 https://registry.npmjs.org/get-intrinsic/-/get-intrinsic-1.2.0.tgz 2580ms (cache miss)
518 timing reifyNode:node_modules/get-intrinsic Completed in 2821ms
519 http fetch GET 200 https://registry.npmjs.org/agent-base/-/agent-base-6.0.2.tgz 2534ms (cache miss)
520 timing reifyNode:node_modules/agent-base Completed in 2821ms
521 http fetch GET 200 https://registry.npmjs.org/nopt/-/nopt-5.0.0.tgz 2478ms (cache miss)
522 timing reifyNode:node_modules/@mapbox/node-pre-gyp/node_modules/nopt Completed in 2823ms
523 http fetch GET 200 https://registry.npmjs.org/safer-buffer/-/safer-buffer-2.1.2.tgz 2717ms (cache miss)
524 timing reifyNode:node_modules/safer-buffer Completed in 2838ms
525 http fetch GET 200 https://registry.npmjs.org/nopt/-/nopt-1.0.10.tgz 2669ms (cache miss)
526 timing reifyNode:node_modules/nopt Completed in 2855ms
527 http fetch GET 200 https://registry.npmjs.org/inflection/-/inflection-1.13.4.tgz 2627ms (cache miss)
528 timing reifyNode:node_modules/inflection Completed in 2856ms
529 http fetch GET 200 https://registry.npmjs.org/has-symbols/-/has-symbols-1.0.3.tgz 2621ms (cache miss)
530 timing reifyNode:node_modules/has-symbols Completed in 2857ms
531 http fetch GET 200 https://registry.npmjs.org/call-bind/-/call-bind-1.0.2.tgz 2589ms (cache miss)
532 timing reifyNode:node_modules/call-bind Completed in 2861ms
533 http fetch GET 200 https://registry.npmjs.org/dotenv/-/dotenv-16.0.3.tgz 2612ms (cache miss)
534 timing reifyNode:node_modules/dotenv Completed in 2869ms
535 http fetch GET 200 https://registry.npmjs.org/minipass/-/minipass-4.2.5.tgz 2676ms (cache miss)
536 timing reifyNode:node_modules/minipass Completed in 2879ms
537 http fetch GET 200 https://registry.npmjs.org/mime/-/mime-1.6.0.tgz 2673ms (cache miss)
538 timing reifyNode:node_modules/mime Completed in 2881ms
539 http fetch GET 200 https://registry.npmjs.org/semver/-/semver-5.7.1.tgz 2540ms (cache miss)
540 timing reifyNode:node_modules/nodemon/node_modules/semver Completed in 2883ms
541 http fetch GET 200 https://registry.npmjs.org/sequelize-pool/-/sequelize-pool-7.1.0.tgz 2785ms (cache miss)
542 timing reifyNode:node_modules/sequelize-pool Completed in 2899ms
543 http fetch GET 200 https://registry.npmjs.org/glob/-/glob-7.2.3.tgz 2657ms (cache miss)
544 timing reifyNode:node_modules/glob Completed in 2896ms
545 http fetch GET 200 https://registry.npmjs.org/debug/-/debug-4.3.4.tgz 2556ms (cache miss)
546 timing reifyNode:node_modules/https-proxy-agent/node_modules/debug Completed in 2898ms
547 http fetch GET 200 https://registry.npmjs.org/minipass/-/minipass-3.3.6.tgz 2556ms (cache miss)
548 timing reifyNode:node_modules/fs-minipass/node_modules/minipass Completed in 2898ms
549 http fetch GET 200 https://registry.npmjs.org/debug/-/debug-4.3.4.tgz 2583ms (cache miss)
550 timing reifyNode:node_modules/sequelize/node_modules/debug Completed in 2927ms
551 http fetch GET 200 https://registry.npmjs.org/debug/-/debug-4.3.4.tgz 2574ms (cache miss)
552 timing reifyNode:node_modules/agent-base/node_modules/debug Completed in 2917ms
553 http fetch GET 200 https://registry.npmjs.org/minipass/-/minipass-3.3.6.tgz 2581ms (cache miss)
554 timing reifyNode:node_modules/minizlib/node_modules/minipass Completed in 2925ms
555 http fetch GET 200 https://registry.npmjs.org/pg-types/-/pg-types-2.2.0.tgz 2769ms (cache miss)
556 timing reifyNode:node_modules/pg-types Completed in 2934ms
557 http fetch GET 200 https://registry.npmjs.org/mime-db/-/mime-db-1.52.0.tgz 2727ms (cache miss)
558 timing reifyNode:node_modules/mime-db Completed in 2933ms
559 http fetch GET 200 https://registry.npmjs.org/semver/-/semver-6.3.0.tgz 2593ms (cache miss)
560 timing reifyNode:node_modules/make-dir/node_modules/semver Completed in 2935ms
561 http fetch GET 200 https://registry.npmjs.org/braces/-/braces-3.0.2.tgz 2655ms (cache miss)
562 timing reifyNode:node_modules/braces Completed in 2933ms
563 http fetch GET 200 https://registry.npmjs.org/jsonwebtoken/-/jsonwebtoken-9.0.0.tgz 2717ms (cache miss)
564 timing reifyNode:node_modules/jsonwebtoken Completed in 2939ms
565 http fetch GET 200 https://registry.npmjs.org/debug/-/debug-2.6.9.tgz 2676ms (cache miss)
566 timing reifyNode:node_modules/debug Completed in 2937ms
567 http fetch GET 200 https://registry.npmjs.org/debug/-/debug-3.2.7.tgz 2605ms (cache miss)
568 timing reifyNode:node_modules/nodemon/node_modules/debug Completed in 2949ms
569 http fetch GET 200 https://registry.npmjs.org/picomatch/-/picomatch-2.3.1.tgz 2809ms (cache miss)
570 timing reifyNode:node_modules/picomatch Completed in 2973ms
571 http fetch GET 200 https://registry.npmjs.org/gauge/-/gauge-3.0.2.tgz 2725ms (cache miss)
572 timing reifyNode:node_modules/gauge Completed in 2966ms
573 timing metavuln:cache:put:security-advisory:dottie:AnV4qBzaBhYJ1qPDSXMqF0vdXmnttEfAzDCBmSca/W0AkPZUq3xUlFSHbxqc4g6JeFpui4P2qt1v8l6leIDSkA== Completed in 211ms
574 timing metavuln:calculate:security-advisory:dottie:1095024 Completed in 1129ms
575 http fetch GET 200 https://registry.npmjs.org/pg/-/pg-8.10.0.tgz 2807ms (cache miss)
576 timing reifyNode:node_modules/pg Completed in 2981ms
577 http fetch GET 200 https://registry.npmjs.org/body-parser/-/body-parser-1.20.1.tgz 2695ms (cache miss)
578 timing reifyNode:node_modules/body-parser Completed in 2974ms
579 http fetch GET 200 https://registry.npmjs.org/semver 1140ms (cache miss)
580 timing metavuln:packument:semver Completed in 1141ms
581 timing metavuln:load:security-advisory:semver:1095365 Completed in 2ms
582 timing metavuln:load:security-advisory:semver:1095366 Completed in 7ms
583 timing metavuln:load:security-advisory:semver:1095367 Completed in 1ms
584 http fetch GET 200 https://registry.npmjs.org/pg-pool/-/pg-pool-3.6.0.tgz 2854ms (cache miss)
585 timing reifyNode:node_modules/pg-pool Completed in 3021ms
586 http fetch GET 200 https://registry.npmjs.org/chokidar/-/chokidar-3.5.3.tgz 2748ms (cache miss)
587 timing reifyNode:node_modules/chokidar Completed in 3020ms
588 http fetch GET 200 https://registry.npmjs.org/node-fetch/-/node-fetch-2.6.9.tgz 2842ms (cache miss)
589 timing reifyNode:node_modules/node-fetch Completed in 3036ms
590 http fetch GET 200 https://registry.npmjs.org/busboy/-/busboy-1.6.0.tgz 2773ms (cache miss)
591 timing reifyNode:node_modules/busboy Completed in 3046ms
592 http fetch GET 200 https://registry.npmjs.org/tr46/-/tr46-0.0.3.tgz 2966ms (cache miss)
593 timing reifyNode:node_modules/tr46 Completed in 3062ms
594 timing metavuln:cache:put:security-advisory:semver:vJraZSMCyFgVQ1bNhWOdU+XpEYGbHFUDM5/14lk3FB9a6J8P2rnzNsKu2Y+kXua1A+i6q1QhI6bGVi1eZzIkWw== Completed in 88ms
595 timing metavuln:calculate:security-advisory:semver:1095365 Completed in 1232ms
596 timing metavuln:cache:put:security-advisory:semver:B2yCVDuSmLf8332mhGhg1S6Zd7Koie5xyRZDXEe2xdprLBYcYjJgahmRqKRNsryDFUzhmwYo3ZKc1tOJhj2lvA== Completed in 80ms
597 timing metavuln:calculate:security-advisory:semver:1095366 Completed in 1231ms
598 timing metavuln:cache:put:security-advisory:semver:leVLOBH6L7kijYa3ZPoQW9c9DpHJTQ4x06h9XnsNdXXFEYuoiAk7QDdx6msC9K+vk8daIqdrHHiDZzPezh3uNg== Completed in 86ms
599 timing metavuln:calculate:security-advisory:semver:1095367 Completed in 1238ms
600 timing metavuln:cache:get:security-advisory:sequelize:Hzqrd/a+geE8gJ51iLvUd5KhxxDTzyXUlfVJQTQvZy3BfXruloI6WE4vHk5+7QW9tAsYJ/cW1wx+MAERmhG0AQ== Completed in 6ms
601 http fetch GET 200 https://registry.npmjs.org/object-inspect/-/object-inspect-1.12.3.tgz 2912ms (cache miss)
602 timing reifyNode:node_modules/object-inspect Completed in 3095ms
603 http fetch GET 200 https://registry.npmjs.org/qs/-/qs-6.11.0.tgz 2973ms (cache miss)
604 timing reifyNode:node_modules/qs Completed in 3103ms
605 http fetch GET 200 https://registry.npmjs.org/tar/-/tar-6.1.13.tgz 3005ms (cache miss)
606 timing reifyNode:node_modules/tar Completed in 3108ms
607 http fetch GET 200 https://registry.npmjs.org/node-addon-api/-/node-addon-api-5.1.0.tgz 2915ms (cache miss)
608 timing reifyNode:node_modules/node-addon-api Completed in 3110ms
609 http fetch GET 200 https://registry.npmjs.org/readable-stream/-/readable-stream-3.6.2.tgz 2989ms (cache miss)
610 timing reifyNode:node_modules/readable-stream Completed in 3117ms
611 http fetch GET 200 https://registry.npmjs.org/wkx/-/wkx-0.5.0.tgz 3044ms (cache miss)
612 timing reifyNode:node_modules/wkx Completed in 3133ms
613 http fetch GET 200 https://registry.npmjs.org/express/-/express-4.18.2.tgz 2874ms (cache miss)
614 timing reifyNode:node_modules/express Completed in 3124ms
615 http fetch GET 200 https://registry.npmjs.org/semver/-/semver-7.0.0.tgz 2823ms (cache miss)
616 timing reifyNode:node_modules/simple-update-notifier/node_modules/semver Completed in 3155ms
617 http fetch GET 200 https://registry.npmjs.org/@mapbox/node-pre-gyp/-/node-pre-gyp-1.0.10.tgz 2890ms (cache miss)
618 timing reifyNode:node_modules/@mapbox/node-pre-gyp Completed in 3186ms
619 http fetch GET 200 https://registry.npmjs.org/pg-protocol/-/pg-protocol-1.6.0.tgz 3030ms (cache miss)
620 timing reifyNode:node_modules/pg-protocol Completed in 3196ms
621 http fetch GET 200 https://registry.npmjs.org/semver/-/semver-7.3.8.tgz 3079ms (cache miss)
622 timing reifyNode:node_modules/semver Completed in 3199ms
623 http fetch GET 200 https://registry.npmjs.org/bcrypt/-/bcrypt-5.1.0.tgz 2915ms (cache miss)
624 timing reifyNode:node_modules/bcrypt Completed in 3195ms
625 http fetch GET 200 https://registry.npmjs.org/uuid/-/uuid-8.3.2.tgz 2957ms (cache miss)
626 timing reifyNode:node_modules/sequelize/node_modules/uuid Completed in 3299ms
627 http fetch GET 200 https://registry.npmjs.org/nodemon/-/nodemon-2.0.21.tgz 3113ms (cache miss)
628 timing reifyNode:node_modules/nodemon Completed in 3300ms
629 http fetch GET 200 https://registry.npmjs.org/iconv-lite/-/iconv-lite-0.4.24.tgz 3075ms (cache miss)
630 timing reifyNode:node_modules/iconv-lite Completed in 3308ms
631 http fetch GET 200 https://registry.npmjs.org/uuid/-/uuid-9.0.0.tgz 3228ms (cache miss)
632 timing reifyNode:node_modules/uuid Completed in 3321ms
633 http fetch GET 200 https://registry.npmjs.org/npm 3688ms (cache miss)
634 http fetch GET 200 https://registry.npmjs.org/nodemailer/-/nodemailer-6.9.3.tgz 3322ms (cache miss)
635 timing reifyNode:node_modules/nodemailer Completed in 3515ms
636 http fetch GET 200 https://registry.npmjs.org/express-fileupload/-/express-fileupload-1.4.0.tgz 3332ms (cache miss)
637 timing reifyNode:node_modules/express-fileupload Completed in 3582ms
638 http fetch GET 200 https://registry.npmjs.org/sequelize 512ms (cache miss)
639 timing metavuln:packument:sequelize Completed in 521ms
640 timing metavuln:load:security-advisory:sequelize:AnV4qBzaBhYJ1qPDSXMqF0vdXmnttEfAzDCBmSca/W0AkPZUq3xUlFSHbxqc4g6JeFpui4P2qt1v8l6leIDSkA== Completed in 51ms
641 http fetch GET 200 https://registry.npmjs.org/@types/validator/-/validator-13.7.14.tgz 3369ms (cache miss)
642 timing reifyNode:node_modules/@types/validator Completed in 3668ms
643 timing metavuln:cache:put:security-advisory:sequelize:Hzqrd/a+geE8gJ51iLvUd5KhxxDTzyXUlfVJQTQvZy3BfXruloI6WE4vHk5+7QW9tAsYJ/cW1wx+MAERmhG0AQ== Completed in 25ms
644 timing metavuln:calculate:security-advisory:sequelize:AnV4qBzaBhYJ1qPDSXMqF0vdXmnttEfAzDCBmSca/W0AkPZUq3xUlFSHbxqc4g6JeFpui4P2qt1v8l6leIDSkA== Completed in 598ms
645 timing metavuln:cache:get:security-advisory:nodemon:G08AthbJRPxJzdN01COL6qYUjM+Z31VRMVLmYtNXn8f3BuqHq1DgTigXS9tvd9LWdvnvVAHwHc8HW/3aAaMZAA== Completed in 2ms
646 http fetch GET 200 https://registry.npmjs.org/moment-timezone/-/moment-timezone-0.5.41.tgz 3515ms (cache miss)
647 timing reifyNode:node_modules/moment-timezone Completed in 3715ms
648 http fetch GET 200 https://registry.npmjs.org/validator/-/validator-13.9.0.tgz 3689ms (cache miss)
649 timing reifyNode:node_modules/validator Completed in 3781ms
650 http fetch GET 200 https://registry.npmjs.org/nodemon 104ms (cache miss)
651 timing metavuln:packument:nodemon Completed in 107ms
652 timing metavuln:load:security-advisory:nodemon:vJraZSMCyFgVQ1bNhWOdU+XpEYGbHFUDM5/14lk3FB9a6J8P2rnzNsKu2Y+kXua1A+i6q1QhI6bGVi1eZzIkWw== Completed in 7ms
653 timing metavuln:cache:put:security-advisory:nodemon:G08AthbJRPxJzdN01COL6qYUjM+Z31VRMVLmYtNXn8f3BuqHq1DgTigXS9tvd9LWdvnvVAHwHc8HW/3aAaMZAA== Completed in 18ms
654 timing metavuln:calculate:security-advisory:nodemon:vJraZSMCyFgVQ1bNhWOdU+XpEYGbHFUDM5/14lk3FB9a6J8P2rnzNsKu2Y+kXua1A+i6q1QhI6bGVi1eZzIkWw== Completed in 132ms
655 timing metavuln:cache:get:security-advisory:make-dir:PPOzVVVwua2T2dxqFLRT3huoAPCMgdWQtjbve6cfd9dAUtRBARrRo5/3LIOiTRHWhHr6SScPdlgf6DWQfHUTVw== Completed in 1ms
656 http fetch GET 200 https://registry.npmjs.org/@types/node/-/node-18.15.3.tgz 3592ms (cache miss)
657 timing reifyNode:node_modules/@types/node Completed in 3887ms
658 http fetch GET 200 https://registry.npmjs.org/make-dir 84ms (cache miss)
659 timing metavuln:packument:make-dir Completed in 85ms
660 timing metavuln:load:security-advisory:make-dir:B2yCVDuSmLf8332mhGhg1S6Zd7Koie5xyRZDXEe2xdprLBYcYjJgahmRqKRNsryDFUzhmwYo3ZKc1tOJhj2lvA== Completed in 1ms
661 timing metavuln:cache:put:security-advisory:make-dir:PPOzVVVwua2T2dxqFLRT3huoAPCMgdWQtjbve6cfd9dAUtRBARrRo5/3LIOiTRHWhHr6SScPdlgf6DWQfHUTVw== Completed in 9ms
662 timing metavuln:calculate:security-advisory:make-dir:B2yCVDuSmLf8332mhGhg1S6Zd7Koie5xyRZDXEe2xdprLBYcYjJgahmRqKRNsryDFUzhmwYo3ZKc1tOJhj2lvA== Completed in 95ms
663 timing metavuln:cache:get:security-advisory:@mapbox/node-pre-gyp:6X4XnkvsitxrPjbn7yRE8w/u5sANSpGpBnOramqYhebFwFU8hs3dB/lfjFBLJuWg47aMNJRLtkE5cqjh9kJjTQ== Completed in 6ms
664 timing metavuln:cache:get:security-advisory:jsonwebtoken:3gGA2jy5y0HEiqHK/2n40hNh0T1JkOhV692QDsfw+YeLqPNge1GZx0wx7Ji3hFAlaVjeoOVnJHipoqMiGA1nxg== Completed in 6ms
665 timing metavuln:cache:get:security-advisory:sequelize:WWFzhTagPhHn3WnjIySdSMjsO7OUFZeBjEbhdgeldo77ZCWG6a+yOyImZXLhPcohLDgdzbnYI0JCg/bm6lVcig== Completed in 3ms
666 timing metavuln:load:security-advisory:sequelize:leVLOBH6L7kijYa3ZPoQW9c9DpHJTQ4x06h9XnsNdXXFEYuoiAk7QDdx6msC9K+vk8daIqdrHHiDZzPezh3uNg== Completed in 21ms
667 timing metavuln:cache:get:security-advisory:simple-update-notifier:tNL5mhMnptgwfeoGj63N7DPalpXIBsn+Dwybr2dlyE8m0pEH4+fHo6dAD+Esc2aVDdMYdw06VNjLyfSYbS4uHg== Completed in 24ms
668 timing metavuln:cache:put:security-advisory:sequelize:WWFzhTagPhHn3WnjIySdSMjsO7OUFZeBjEbhdgeldo77ZCWG6a+yOyImZXLhPcohLDgdzbnYI0JCg/bm6lVcig== Completed in 54ms
669 timing metavuln:calculate:security-advisory:sequelize:leVLOBH6L7kijYa3ZPoQW9c9DpHJTQ4x06h9XnsNdXXFEYuoiAk7QDdx6msC9K+vk8daIqdrHHiDZzPezh3uNg== Completed in 78ms
670 http fetch GET 200 https://registry.npmjs.org/simple-update-notifier 119ms (cache miss)
671 timing metavuln:packument:simple-update-notifier Completed in 119ms
672 timing metavuln:load:security-advisory:simple-update-notifier:leVLOBH6L7kijYa3ZPoQW9c9DpHJTQ4x06h9XnsNdXXFEYuoiAk7QDdx6msC9K+vk8daIqdrHHiDZzPezh3uNg== Completed in 2ms
673 http fetch GET 200 https://registry.npmjs.org/jsonwebtoken 125ms (cache miss)
674 timing metavuln:packument:jsonwebtoken Completed in 128ms
675 timing metavuln:load:security-advisory:jsonwebtoken:leVLOBH6L7kijYa3ZPoQW9c9DpHJTQ4x06h9XnsNdXXFEYuoiAk7QDdx6msC9K+vk8daIqdrHHiDZzPezh3uNg== Completed in 5ms
676 timing metavuln:cache:put:security-advisory:simple-update-notifier:tNL5mhMnptgwfeoGj63N7DPalpXIBsn+Dwybr2dlyE8m0pEH4+fHo6dAD+Esc2aVDdMYdw06VNjLyfSYbS4uHg== Completed in 28ms
677 timing metavuln:calculate:security-advisory:simple-update-notifier:leVLOBH6L7kijYa3ZPoQW9c9DpHJTQ4x06h9XnsNdXXFEYuoiAk7QDdx6msC9K+vk8daIqdrHHiDZzPezh3uNg== Completed in 149ms
678 timing metavuln:cache:put:security-advisory:jsonwebtoken:3gGA2jy5y0HEiqHK/2n40hNh0T1JkOhV692QDsfw+YeLqPNge1GZx0wx7Ji3hFAlaVjeoOVnJHipoqMiGA1nxg== Completed in 21ms
679 timing metavuln:calculate:security-advisory:jsonwebtoken:leVLOBH6L7kijYa3ZPoQW9c9DpHJTQ4x06h9XnsNdXXFEYuoiAk7QDdx6msC9K+vk8daIqdrHHiDZzPezh3uNg== Completed in 154ms
680 http fetch GET 200 https://registry.npmjs.org/@mapbox%2fnode-pre-gyp 160ms (cache miss)
681 timing metavuln:packument:@mapbox/node-pre-gyp Completed in 160ms
682 timing metavuln:load:security-advisory:@mapbox/node-pre-gyp:leVLOBH6L7kijYa3ZPoQW9c9DpHJTQ4x06h9XnsNdXXFEYuoiAk7QDdx6msC9K+vk8daIqdrHHiDZzPezh3uNg== Completed in 3ms
683 timing metavuln:cache:put:security-advisory:@mapbox/node-pre-gyp:6X4XnkvsitxrPjbn7yRE8w/u5sANSpGpBnOramqYhebFwFU8hs3dB/lfjFBLJuWg47aMNJRLtkE5cqjh9kJjTQ== Completed in 11ms
684 timing metavuln:calculate:security-advisory:@mapbox/node-pre-gyp:leVLOBH6L7kijYa3ZPoQW9c9DpHJTQ4x06h9XnsNdXXFEYuoiAk7QDdx6msC9K+vk8daIqdrHHiDZzPezh3uNg== Completed in 175ms
685 timing metavuln:cache:get:security-advisory:nodemon:hyZElijtCiIVXNJ38jPMX77vI1RJJqPXzeWyh3lf/jG/7eEkRjvWrFj5wa2iP39pBQ1Tg1Nlx/hldqlUQsTvQw== Completed in 1ms
686 timing metavuln:load:security-advisory:nodemon:tNL5mhMnptgwfeoGj63N7DPalpXIBsn+Dwybr2dlyE8m0pEH4+fHo6dAD+Esc2aVDdMYdw06VNjLyfSYbS4uHg== Completed in 4ms
687 timing metavuln:cache:put:security-advisory:nodemon:hyZElijtCiIVXNJ38jPMX77vI1RJJqPXzeWyh3lf/jG/7eEkRjvWrFj5wa2iP39pBQ1Tg1Nlx/hldqlUQsTvQw== Completed in 10ms
688 timing metavuln:calculate:security-advisory:nodemon:tNL5mhMnptgwfeoGj63N7DPalpXIBsn+Dwybr2dlyE8m0pEH4+fHo6dAD+Esc2aVDdMYdw06VNjLyfSYbS4uHg== Completed in 15ms
689 timing auditReport:init Completed in 2276ms
690 timing reify:audit Completed in 4133ms
691 http fetch GET 200 https://registry.npmjs.org/underscore/-/underscore-1.13.6.tgz 4040ms (cache miss)
692 timing reifyNode:node_modules/underscore Completed in 4135ms
693 http fetch GET 200 https://registry.npmjs.org/sequelize/-/sequelize-6.29.3.tgz 4055ms (cache miss)
694 timing reifyNode:node_modules/sequelize Completed in 4175ms
695 http fetch GET 200 https://registry.npmjs.org/moment/-/moment-2.29.4.tgz 4114ms (cache miss)
696 timing reifyNode:node_modules/moment Completed in 4313ms
697 http fetch GET 200 https://registry.npmjs.org/lodash/-/lodash-4.17.21.tgz 4140ms (cache miss)
698 timing reifyNode:node_modules/lodash Completed in 4360ms
699 timing reify:unpack Completed in 4369ms
700 timing reify:unretire Completed in 0ms
701 timing build:queue Completed in 5ms
702 timing build:link:node_modules/@mapbox/node-pre-gyp Completed in 4ms
703 timing build:link:node_modules/@mapbox/node-pre-gyp/node_modules/nopt Completed in 3ms
704 timing build:link:node_modules/make-dir/node_modules/semver Completed in 4ms
705 timing build:link:node_modules/nodemon/node_modules/semver Completed in 4ms
706 timing build:link:node_modules/sequelize/node_modules/uuid Completed in 4ms
707 timing build:link:node_modules/simple-update-notifier/node_modules/semver Completed in 4ms
708 timing build:link:node_modules/color-support Completed in 5ms
709 timing build:link:node_modules/mime Completed in 5ms
710 timing build:link:node_modules/mkdirp Completed in 5ms
711 timing build:link:node_modules/nodemon Completed in 5ms
712 timing build:link:node_modules/nopt Completed in 5ms
713 timing build:link:node_modules/rimraf Completed in 5ms
714 timing build:link:node_modules/semver Completed in 4ms
715 timing build:link:node_modules/touch Completed in 4ms
716 timing build:link:node_modules/uuid Completed in 4ms
717 timing build:link Completed in 6ms
718 info run bcrypt@5.1.0 install node_modules/bcrypt node-pre-gyp install --fallback-to-build
719 info run bcrypt@5.1.0 install { code: 0, signal: null }
720 timing build:run:install:node_modules/bcrypt Completed in 920ms
721 timing build:run:install Completed in 920ms
722 timing build:deps Completed in 931ms
723 timing build Completed in 932ms
724 timing reify:build Completed in 932ms
725 timing reify:trash Completed in 0ms
726 timing reify:save Completed in 73ms
727 timing reify Completed in 5676ms
728 silly ADD node_modules/yallist
729 silly ADD node_modules/xtend
730 silly ADD node_modules/wrappy
731 silly ADD node_modules/wkx
732 silly ADD node_modules/wide-align
733 silly ADD node_modules/whatwg-url
734 silly ADD node_modules/webidl-conversions
735 silly ADD node_modules/vary
736 silly ADD node_modules/validator
737 silly ADD node_modules/uuid
738 silly ADD node_modules/utils-merge
739 silly ADD node_modules/util-deprecate
740 silly ADD node_modules/unpipe
741 silly ADD node_modules/underscore
742 silly ADD node_modules/undefsafe
743 silly ADD node_modules/type-is
744 silly ADD node_modules/tr46
745 silly ADD node_modules/touch
746 silly ADD node_modules/toposort-class
747 silly ADD node_modules/toidentifier
748 silly ADD node_modules/to-regex-range
749 silly ADD node_modules/tar
750 silly ADD node_modules/supports-color
751 silly ADD node_modules/strip-ansi
752 silly ADD node_modules/string-width
753 silly ADD node_modules/string_decoder
754 silly ADD node_modules/streamsearch
755 silly ADD node_modules/statuses
756 silly ADD node_modules/split2
757 silly ADD node_modules/simple-update-notifier
758 silly ADD node_modules/simple-update-notifier/node_modules/semver
759 silly ADD node_modules/signal-exit
760 silly ADD node_modules/side-channel
761 silly ADD node_modules/setprototypeof
762 silly ADD node_modules/set-blocking
763 silly ADD node_modules/serve-static
764 silly ADD node_modules/sequelize-pool
765 silly ADD node_modules/sequelize
766 silly ADD node_modules/sequelize/node_modules/uuid
767 silly ADD node_modules/sequelize/node_modules/ms
768 silly ADD node_modules/sequelize/node_modules/debug
769 silly ADD node_modules/send
770 silly ADD node_modules/send/node_modules/ms
771 silly ADD node_modules/semver
772 silly ADD node_modules/safer-buffer
773 silly ADD node_modules/safe-buffer
774 silly ADD node_modules/rimraf
775 silly ADD node_modules/retry-as-promised
776 silly ADD node_modules/readdirp
777 silly ADD node_modules/readable-stream
778 silly ADD node_modules/raw-body
779 silly ADD node_modules/range-parser
780 silly ADD node_modules/qs
781 silly ADD node_modules/pstree.remy
782 silly ADD node_modules/proxy-addr
783 silly ADD node_modules/postgres-interval
784 silly ADD node_modules/postgres-date
785 silly ADD node_modules/postgres-bytea
786 silly ADD node_modules/postgres-array
787 silly ADD node_modules/picomatch
788 silly ADD node_modules/pgpass
789 silly ADD node_modules/pg-types
790 silly ADD node_modules/pg-protocol
791 silly ADD node_modules/pg-pool
792 silly ADD node_modules/pg-int8
793 silly ADD node_modules/pg-hstore
794 silly ADD node_modules/pg-connection-string
795 silly ADD node_modules/pg
796 silly ADD node_modules/path-to-regexp
797 silly ADD node_modules/path-is-absolute
798 silly ADD node_modules/parseurl
799 silly ADD node_modules/packet-reader
800 silly ADD node_modules/once
801 silly ADD node_modules/on-finished
802 silly ADD node_modules/object-inspect
803 silly ADD node_modules/object-assign
804 silly ADD node_modules/npmlog
805 silly ADD node_modules/normalize-path
806 silly ADD node_modules/nopt
807 silly ADD node_modules/nodemon
808 silly ADD node_modules/nodemon/node_modules/semver
809 silly ADD node_modules/nodemon/node_modules/ms
810 silly ADD node_modules/nodemon/node_modules/debug
811 silly ADD node_modules/nodemailer
812 silly ADD node_modules/node-fetch
813 silly ADD node_modules/node-addon-api
814 silly ADD node_modules/negotiator
815 silly ADD node_modules/ms
816 silly ADD node_modules/moment-timezone
817 silly ADD node_modules/moment
818 silly ADD node_modules/mkdirp
819 silly ADD node_modules/minizlib
820 silly ADD node_modules/minizlib/node_modules/minipass
821 silly ADD node_modules/minipass
822 silly ADD node_modules/minimatch
823 silly ADD node_modules/mime-types
824 silly ADD node_modules/mime-db
825 silly ADD node_modules/mime
826 silly ADD node_modules/methods
827 silly ADD node_modules/merge-descriptors
828 silly ADD node_modules/media-typer
829 silly ADD node_modules/make-dir
830 silly ADD node_modules/make-dir/node_modules/semver
831 silly ADD node_modules/lru-cache
832 silly ADD node_modules/lodash
833 silly ADD node_modules/jws
834 silly ADD node_modules/jwa
835 silly ADD node_modules/jsonwebtoken
836 silly ADD node_modules/jsonwebtoken/node_modules/ms
837 silly ADD node_modules/is-number
838 silly ADD node_modules/is-glob
839 silly ADD node_modules/is-fullwidth-code-point
840 silly ADD node_modules/is-extglob
841 silly ADD node_modules/is-binary-path
842 silly ADD node_modules/ipaddr.js
843 silly ADD node_modules/inherits
844 silly ADD node_modules/inflight
845 silly ADD node_modules/inflection
846 silly ADD node_modules/ignore-by-default
847 silly ADD node_modules/iconv-lite
848 silly ADD node_modules/https-proxy-agent
849 silly ADD node_modules/https-proxy-agent/node_modules/ms
850 silly ADD node_modules/https-proxy-agent/node_modules/debug
851 silly ADD node_modules/https
852 silly ADD node_modules/http-errors
853 silly ADD node_modules/has-unicode
854 silly ADD node_modules/has-symbols
855 silly ADD node_modules/has-flag
856 silly ADD node_modules/has
857 silly ADD node_modules/glob-parent
858 silly ADD node_modules/glob
859 silly ADD node_modules/get-intrinsic
860 silly ADD node_modules/gauge
861 silly ADD node_modules/function-bind
862 silly ADD
863 silly ADD node_modules/fs.realpath
864 silly ADD node_modules/fs-minipass
865 silly ADD node_modules/fs-minipass/node_modules/minipass
866 silly ADD node_modules/fresh
867 silly ADD node_modules/forwarded
868 silly ADD node_modules/finalhandler
869 silly ADD node_modules/fill-range
870 silly ADD node_modules/express-fileupload
871 silly ADD node_modules/express
872 silly ADD node_modules/etag
873 silly ADD node_modules/escape-html
874 silly ADD node_modules/encodeurl
875 silly ADD node_modules/emoji-regex
876 silly ADD node_modules/ee-first
877 silly ADD node_modules/ecdsa-sig-formatter
878 silly ADD node_modules/dottie
879 silly ADD node_modules/dotenv
880 silly ADD node_modules/detect-libc
881 silly ADD node_modules/destroy
882 silly ADD node_modules/depd
883 silly ADD node_modules/delegates
884 silly ADD node_modules/debug
885 silly ADD node_modules/cors
886 silly ADD node_modules/cookie-signature
887 silly ADD node_modules/cookie
888 silly ADD node_modules/content-type
889 silly ADD node_modules/content-disposition
890 silly ADD node_modules/console-control-strings
891 silly ADD node_modules/concat-map
892 silly ADD node_modules/color-support
893 silly ADD node_modules/chownr
894 silly ADD node_modules/chokidar
895 silly ADD node_modules/call-bind
896 silly ADD node_modules/bytes
897 silly ADD node_modules/busboy
898 silly ADD node_modules/buffer-writer
899 silly ADD node_modules/buffer-equal-constant-time
900 silly ADD node_modules/braces
901 silly ADD node_modules/brace-expansion
902 silly ADD node_modules/body-parser
903 silly ADD node_modules/binary-extensions
904 silly ADD node_modules/bcrypt
905 silly ADD node_modules/balanced-match
906 silly ADD node_modules/array-flatten
907 silly ADD node_modules/are-we-there-yet
908 silly ADD node_modules/aproba
909 silly ADD node_modules/anymatch
910 silly ADD node_modules/ansi-regex
911 silly ADD node_modules/agent-base
912 silly ADD node_modules/agent-base/node_modules/ms
913 silly ADD node_modules/agent-base/node_modules/debug
914 silly ADD node_modules/accepts
915 silly ADD node_modules/abbrev
916 silly ADD node_modules/@types/validator
917 silly ADD node_modules/@types/node
918 silly ADD node_modules/@types/ms
919 silly ADD node_modules/@types/debug
920 silly ADD node_modules/@mapbox/node-pre-gyp
921 silly ADD node_modules/@mapbox/node-pre-gyp/node_modules/nopt
922 timing command:i Completed in 5699ms
923 notice
923 notice New [33mminor[39m version of npm available! [31m10.2.3[39m -> [32m10.4.0[39m
923 notice Changelog: [36mhttps://github.com/npm/cli/releases/tag/v10.4.0[39m
923 notice Run [32mnpm install -g npm@10.4.0[39m to update!
923 notice
924 verbose exit 0
925 timing npm Completed in 5942ms
926 info ok
